{"/Users/intelekia/Desktop/bot-invitations/backend/src/controllers/admin.controller.js": {"path":"/Users/intelekia/Desktop/bot-invitations/backend/src/controllers/admin.controller.js","statementMap":{"0":{"start":{"line":8,"column":16},"end":{"line":10,"column":18}},"1":{"start":{"line":11,"column":19},"end":{"line":11,"column":60}},"2":{"start":{"line":12,"column":13},"end":{"line":12,"column":53}},"3":{"start":{"line":13,"column":2},"end":{"line":24,"column":3}},"4":{"start":{"line":14,"column":4},"end":{"line":21,"column":7}},"5":{"start":{"line":22,"column":4},"end":{"line":22,"column":50}},"6":{"start":{"line":23,"column":4},"end":{"line":23,"column":16}},"7":{"start":{"line":25,"column":2},"end":{"line":28,"column":3}},"8":{"start":{"line":26,"column":4},"end":{"line":26,"column":24}},"9":{"start":{"line":27,"column":4},"end":{"line":27,"column":22}},"10":{"start":{"line":29,"column":2},"end":{"line":29,"column":14}},"11":{"start":{"line":33,"column":2},"end":{"line":47,"column":4}},"12":{"start":{"line":50,"column":24},"end":{"line":72,"column":2}},"13":{"start":{"line":51,"column":51},"end":{"line":57,"column":4}},"14":{"start":{"line":58,"column":16},"end":{"line":61,"column":4}},"15":{"start":{"line":62,"column":22},"end":{"line":62,"column":87}},"16":{"start":{"line":62,"column":61},"end":{"line":62,"column":85}},"17":{"start":{"line":63,"column":21},"end":{"line":63,"column":90}},"18":{"start":{"line":63,"column":49},"end":{"line":63,"column":86}},"19":{"start":{"line":64,"column":2},"end":{"line":71,"column":5}},"20":{"start":{"line":74,"column":27},"end":{"line":118,"column":2}},"21":{"start":{"line":75,"column":12},"end":{"line":75,"column":49}},"22":{"start":{"line":76,"column":16},"end":{"line":76,"column":34}},"23":{"start":{"line":77,"column":2},"end":{"line":85,"column":3}},"24":{"start":{"line":78,"column":4},"end":{"line":84,"column":6}},"25":{"start":{"line":86,"column":16},"end":{"line":90,"column":4}},"26":{"start":{"line":91,"column":14},"end":{"line":91,"column":42}},"27":{"start":{"line":91,"column":34},"end":{"line":91,"column":41}},"28":{"start":{"line":92,"column":17},"end":{"line":94,"column":8}},"29":{"start":{"line":95,"column":19},"end":{"line":95,"column":50}},"30":{"start":{"line":95,"column":41},"end":{"line":95,"column":49}},"31":{"start":{"line":96,"column":17},"end":{"line":98,"column":8}},"32":{"start":{"line":99,"column":24},"end":{"line":99,"column":68}},"33":{"start":{"line":99,"column":59},"end":{"line":99,"column":66}},"34":{"start":{"line":100,"column":21},"end":{"line":100,"column":23}},"35":{"start":{"line":101,"column":2},"end":{"line":104,"column":3}},"36":{"start":{"line":102,"column":4},"end":{"line":102,"column":75}},"37":{"start":{"line":103,"column":4},"end":{"line":103,"column":41}},"38":{"start":{"line":105,"column":24},"end":{"line":105,"column":68}},"39":{"start":{"line":105,"column":59},"end":{"line":105,"column":66}},"40":{"start":{"line":106,"column":2},"end":{"line":109,"column":3}},"41":{"start":{"line":107,"column":20},"end":{"line":107,"column":45}},"42":{"start":{"line":108,"column":4},"end":{"line":108,"column":101}},"43":{"start":{"line":108,"column":17},"end":{"line":108,"column":101}},"44":{"start":{"line":110,"column":2},"end":{"line":117,"column":4}},"45":{"start":{"line":112,"column":6},"end":{"line":115,"column":8}},"46":{"start":{"line":120,"column":28},"end":{"line":140,"column":2}},"47":{"start":{"line":121,"column":15},"end":{"line":121,"column":97}},"48":{"start":{"line":122,"column":2},"end":{"line":122,"column":94}},"49":{"start":{"line":122,"column":29},"end":{"line":122,"column":94}},"50":{"start":{"line":123,"column":41},"end":{"line":123,"column":55}},"51":{"start":{"line":124,"column":2},"end":{"line":128,"column":3}},"52":{"start":{"line":125,"column":17},"end":{"line":125,"column":44}},"53":{"start":{"line":126,"column":4},"end":{"line":126,"column":76}},"54":{"start":{"line":126,"column":15},"end":{"line":126,"column":76}},"55":{"start":{"line":127,"column":4},"end":{"line":127,"column":26}},"56":{"start":{"line":129,"column":2},"end":{"line":131,"column":3}},"57":{"start":{"line":130,"column":4},"end":{"line":130,"column":49}},"58":{"start":{"line":132,"column":2},"end":{"line":132,"column":20}},"59":{"start":{"line":133,"column":2},"end":{"line":133,"column":64}},"60":{"start":{"line":134,"column":21},"end":{"line":134,"column":71}},"61":{"start":{"line":135,"column":16},"end":{"line":135,"column":88}},"62":{"start":{"line":136,"column":21},"end":{"line":138,"column":7}},"63":{"start":{"line":137,"column":82},"end":{"line":137,"column":90}},"64":{"start":{"line":139,"column":2},"end":{"line":139,"column":62}},"65":{"start":{"line":142,"column":25},"end":{"line":145,"column":2}},"66":{"start":{"line":143,"column":16},"end":{"line":143,"column":69}},"67":{"start":{"line":144,"column":2},"end":{"line":144,"column":37}},"68":{"start":{"line":147,"column":26},"end":{"line":166,"column":2}},"69":{"start":{"line":148,"column":15},"end":{"line":148,"column":53}},"70":{"start":{"line":149,"column":2},"end":{"line":149,"column":75}},"71":{"start":{"line":149,"column":13},"end":{"line":149,"column":75}},"72":{"start":{"line":150,"column":24},"end":{"line":150,"column":37}},"73":{"start":{"line":151,"column":27},"end":{"line":151,"column":53}},"74":{"start":{"line":152,"column":18},"end":{"line":152,"column":117}},"75":{"start":{"line":153,"column":2},"end":{"line":155,"column":3}},"76":{"start":{"line":154,"column":4},"end":{"line":154,"column":65}},"77":{"start":{"line":154,"column":39},"end":{"line":154,"column":65}},"78":{"start":{"line":157,"column":4},"end":{"line":159,"column":74}},"79":{"start":{"line":160,"column":2},"end":{"line":160,"column":20}},"80":{"start":{"line":161,"column":47},"end":{"line":161,"column":92}},"81":{"start":{"line":162,"column":2},"end":{"line":164,"column":3}},"82":{"start":{"line":163,"column":4},"end":{"line":163,"column":60}},"83":{"start":{"line":165,"column":2},"end":{"line":165,"column":32}}},"fnMap":{"0":{"name":"ensureAdmin","decl":{"start":{"line":7,"column":22},"end":{"line":7,"column":33}},"loc":{"start":{"line":7,"column":36},"end":{"line":30,"column":1}},"line":7},"1":{"name":"serializeClient","decl":{"start":{"line":32,"column":9},"end":{"line":32,"column":24}},"loc":{"start":{"line":32,"column":44},"end":{"line":48,"column":1}},"line":32},"2":{"name":"(anonymous_2)","decl":{"start":{"line":50,"column":37},"end":{"line":50,"column":38}},"loc":{"start":{"line":50,"column":58},"end":{"line":72,"column":1}},"line":50},"3":{"name":"(anonymous_3)","decl":{"start":{"line":62,"column":51},"end":{"line":62,"column":52}},"loc":{"start":{"line":62,"column":61},"end":{"line":62,"column":85}},"line":62},"4":{"name":"(anonymous_4)","decl":{"start":{"line":63,"column":34},"end":{"line":63,"column":35}},"loc":{"start":{"line":63,"column":49},"end":{"line":63,"column":86}},"line":63},"5":{"name":"(anonymous_5)","decl":{"start":{"line":74,"column":40},"end":{"line":74,"column":41}},"loc":{"start":{"line":74,"column":60},"end":{"line":118,"column":1}},"line":74},"6":{"name":"(anonymous_6)","decl":{"start":{"line":91,"column":24},"end":{"line":91,"column":25}},"loc":{"start":{"line":91,"column":34},"end":{"line":91,"column":41}},"line":91},"7":{"name":"(anonymous_7)","decl":{"start":{"line":95,"column":30},"end":{"line":95,"column":31}},"loc":{"start":{"line":95,"column":41},"end":{"line":95,"column":49}},"line":95},"8":{"name":"(anonymous_8)","decl":{"start":{"line":99,"column":51},"end":{"line":99,"column":52}},"loc":{"start":{"line":99,"column":59},"end":{"line":99,"column":66}},"line":99},"9":{"name":"(anonymous_9)","decl":{"start":{"line":105,"column":51},"end":{"line":105,"column":52}},"loc":{"start":{"line":105,"column":59},"end":{"line":105,"column":66}},"line":105},"10":{"name":"(anonymous_10)","decl":{"start":{"line":111,"column":14},"end":{"line":111,"column":15}},"loc":{"start":{"line":112,"column":6},"end":{"line":115,"column":8}},"line":112},"11":{"name":"(anonymous_11)","decl":{"start":{"line":120,"column":41},"end":{"line":120,"column":42}},"loc":{"start":{"line":120,"column":61},"end":{"line":140,"column":1}},"line":120},"12":{"name":"(anonymous_12)","decl":{"start":{"line":137,"column":71},"end":{"line":137,"column":72}},"loc":{"start":{"line":137,"column":82},"end":{"line":137,"column":90}},"line":137},"13":{"name":"(anonymous_13)","decl":{"start":{"line":142,"column":38},"end":{"line":142,"column":39}},"loc":{"start":{"line":142,"column":59},"end":{"line":145,"column":1}},"line":142},"14":{"name":"(anonymous_14)","decl":{"start":{"line":147,"column":39},"end":{"line":147,"column":40}},"loc":{"start":{"line":147,"column":59},"end":{"line":166,"column":1}},"line":147}},"branchMap":{"0":{"loc":{"start":{"line":8,"column":23},"end":{"line":8,"column":85}},"type":"binary-expr","locations":[{"start":{"line":8,"column":23},"end":{"line":8,"column":46}},{"start":{"line":8,"column":50},"end":{"line":8,"column":85}}],"line":8},"1":{"loc":{"start":{"line":11,"column":19},"end":{"line":11,"column":60}},"type":"binary-expr","locations":[{"start":{"line":11,"column":19},"end":{"line":11,"column":45}},{"start":{"line":11,"column":49},"end":{"line":11,"column":60}}],"line":11},"2":{"loc":{"start":{"line":13,"column":2},"end":{"line":24,"column":3}},"type":"if","locations":[{"start":{"line":13,"column":2},"end":{"line":24,"column":3}},{"start":{},"end":{}}],"line":13},"3":{"loc":{"start":{"line":25,"column":2},"end":{"line":28,"column":3}},"type":"if","locations":[{"start":{"line":25,"column":2},"end":{"line":28,"column":3}},{"start":{},"end":{}}],"line":25},"4":{"loc":{"start":{"line":32,"column":31},"end":{"line":32,"column":42}},"type":"default-arg","locations":[{"start":{"line":32,"column":40},"end":{"line":32,"column":42}}],"line":32},"5":{"loc":{"start":{"line":37,"column":18},"end":{"line":37,"column":41}},"type":"binary-expr","locations":[{"start":{"line":37,"column":18},"end":{"line":37,"column":35}},{"start":{"line":37,"column":39},"end":{"line":37,"column":41}}],"line":37},"6":{"loc":{"start":{"line":38,"column":11},"end":{"line":38,"column":27}},"type":"binary-expr","locations":[{"start":{"line":38,"column":11},"end":{"line":38,"column":21}},{"start":{"line":38,"column":25},"end":{"line":38,"column":27}}],"line":38},"7":{"loc":{"start":{"line":39,"column":11},"end":{"line":39,"column":27}},"type":"binary-expr","locations":[{"start":{"line":39,"column":11},"end":{"line":39,"column":21}},{"start":{"line":39,"column":25},"end":{"line":39,"column":27}}],"line":39},"8":{"loc":{"start":{"line":44,"column":10},"end":{"line":44,"column":53}},"type":"cond-expr","locations":[{"start":{"line":44,"column":22},"end":{"line":44,"column":46}},{"start":{"line":44,"column":49},"end":{"line":44,"column":53}}],"line":44},"9":{"loc":{"start":{"line":45,"column":16},"end":{"line":45,"column":38}},"type":"binary-expr","locations":[{"start":{"line":45,"column":16},"end":{"line":45,"column":33}},{"start":{"line":45,"column":37},"end":{"line":45,"column":38}}],"line":45},"10":{"loc":{"start":{"line":46,"column":16},"end":{"line":46,"column":38}},"type":"binary-expr","locations":[{"start":{"line":46,"column":16},"end":{"line":46,"column":33}},{"start":{"line":46,"column":37},"end":{"line":46,"column":38}}],"line":46},"11":{"loc":{"start":{"line":63,"column":56},"end":{"line":63,"column":85}},"type":"binary-expr","locations":[{"start":{"line":63,"column":56},"end":{"line":63,"column":80}},{"start":{"line":63,"column":84},"end":{"line":63,"column":85}}],"line":63},"12":{"loc":{"start":{"line":75,"column":19},"end":{"line":75,"column":41}},"type":"binary-expr","locations":[{"start":{"line":75,"column":19},"end":{"line":75,"column":35}},{"start":{"line":75,"column":39},"end":{"line":75,"column":41}}],"line":75},"13":{"loc":{"start":{"line":77,"column":2},"end":{"line":85,"column":3}},"type":"if","locations":[{"start":{"line":77,"column":2},"end":{"line":85,"column":3}},{"start":{},"end":{}}],"line":77},"14":{"loc":{"start":{"line":92,"column":17},"end":{"line":94,"column":8}},"type":"cond-expr","locations":[{"start":{"line":93,"column":6},"end":{"line":93,"column":85}},{"start":{"line":94,"column":6},"end":{"line":94,"column":8}}],"line":92},"15":{"loc":{"start":{"line":96,"column":17},"end":{"line":98,"column":8}},"type":"cond-expr","locations":[{"start":{"line":97,"column":6},"end":{"line":97,"column":95}},{"start":{"line":98,"column":6},"end":{"line":98,"column":8}}],"line":96},"16":{"loc":{"start":{"line":102,"column":36},"end":{"line":102,"column":69}},"type":"binary-expr","locations":[{"start":{"line":102,"column":36},"end":{"line":102,"column":64}},{"start":{"line":102,"column":68},"end":{"line":102,"column":69}}],"line":102},"17":{"loc":{"start":{"line":108,"column":4},"end":{"line":108,"column":101}},"type":"if","locations":[{"start":{"line":108,"column":4},"end":{"line":108,"column":101}},{"start":{},"end":{}}],"line":108},"18":{"loc":{"start":{"line":108,"column":43},"end":{"line":108,"column":70}},"type":"binary-expr","locations":[{"start":{"line":108,"column":43},"end":{"line":108,"column":65}},{"start":{"line":108,"column":69},"end":{"line":108,"column":70}}],"line":108},"19":{"loc":{"start":{"line":108,"column":81},"end":{"line":108,"column":99}},"type":"binary-expr","locations":[{"start":{"line":108,"column":81},"end":{"line":108,"column":94}},{"start":{"line":108,"column":98},"end":{"line":108,"column":99}}],"line":108},"20":{"loc":{"start":{"line":113,"column":20},"end":{"line":113,"column":47}},"type":"binary-expr","locations":[{"start":{"line":113,"column":20},"end":{"line":113,"column":42}},{"start":{"line":113,"column":46},"end":{"line":113,"column":47}}],"line":113},"21":{"loc":{"start":{"line":114,"column":20},"end":{"line":114,"column":47}},"type":"binary-expr","locations":[{"start":{"line":114,"column":20},"end":{"line":114,"column":42}},{"start":{"line":114,"column":46},"end":{"line":114,"column":47}}],"line":114},"22":{"loc":{"start":{"line":122,"column":2},"end":{"line":122,"column":94}},"type":"if","locations":[{"start":{"line":122,"column":2},"end":{"line":122,"column":94}},{"start":{},"end":{}}],"line":122},"23":{"loc":{"start":{"line":122,"column":6},"end":{"line":122,"column":27}},"type":"binary-expr","locations":[{"start":{"line":122,"column":6},"end":{"line":122,"column":11}},{"start":{"line":122,"column":15},"end":{"line":122,"column":27}}],"line":122},"24":{"loc":{"start":{"line":123,"column":41},"end":{"line":123,"column":55}},"type":"binary-expr","locations":[{"start":{"line":123,"column":41},"end":{"line":123,"column":49}},{"start":{"line":123,"column":53},"end":{"line":123,"column":55}}],"line":123},"25":{"loc":{"start":{"line":124,"column":2},"end":{"line":128,"column":3}},"type":"if","locations":[{"start":{"line":124,"column":2},"end":{"line":128,"column":3}},{"start":{},"end":{}}],"line":124},"26":{"loc":{"start":{"line":126,"column":4},"end":{"line":126,"column":76}},"type":"if","locations":[{"start":{"line":126,"column":4},"end":{"line":126,"column":76}},{"start":{},"end":{}}],"line":126},"27":{"loc":{"start":{"line":129,"column":2},"end":{"line":131,"column":3}},"type":"if","locations":[{"start":{"line":129,"column":2},"end":{"line":131,"column":3}},{"start":{},"end":{}}],"line":129},"28":{"loc":{"start":{"line":129,"column":6},"end":{"line":129,"column":90}},"type":"binary-expr","locations":[{"start":{"line":129,"column":6},"end":{"line":129,"column":24}},{"start":{"line":129,"column":28},"end":{"line":129,"column":90}}],"line":129},"29":{"loc":{"start":{"line":136,"column":21},"end":{"line":138,"column":7}},"type":"cond-expr","locations":[{"start":{"line":137,"column":6},"end":{"line":137,"column":103}},{"start":{"line":138,"column":6},"end":{"line":138,"column":7}}],"line":136},"30":{"loc":{"start":{"line":137,"column":13},"end":{"line":137,"column":102}},"type":"binary-expr","locations":[{"start":{"line":137,"column":14},"end":{"line":137,"column":96}},{"start":{"line":137,"column":101},"end":{"line":137,"column":102}}],"line":137},"31":{"loc":{"start":{"line":149,"column":2},"end":{"line":149,"column":75}},"type":"if","locations":[{"start":{"line":149,"column":2},"end":{"line":149,"column":75}},{"start":{},"end":{}}],"line":149},"32":{"loc":{"start":{"line":154,"column":4},"end":{"line":154,"column":65}},"type":"if","locations":[{"start":{"line":154,"column":4},"end":{"line":154,"column":65}},{"start":{},"end":{}}],"line":154},"33":{"loc":{"start":{"line":157,"column":4},"end":{"line":159,"column":74}},"type":"binary-expr","locations":[{"start":{"line":157,"column":5},"end":{"line":157,"column":37}},{"start":{"line":157,"column":41},"end":{"line":157,"column":92}},{"start":{"line":158,"column":5},"end":{"line":158,"column":50}},{"start":{"line":159,"column":6},"end":{"line":159,"column":73}}],"line":157},"34":{"loc":{"start":{"line":162,"column":2},"end":{"line":164,"column":3}},"type":"if","locations":[{"start":{"line":162,"column":2},"end":{"line":164,"column":3}},{"start":{},"end":{}}],"line":162}},"s":{"0":1,"1":1,"2":1,"3":1,"4":1,"5":1,"6":1,"7":0,"8":0,"9":0,"10":0,"11":0,"12":6,"13":1,"14":1,"15":1,"16":1,"17":1,"18":1,"19":1,"20":6,"21":1,"22":1,"23":1,"24":0,"25":1,"26":1,"27":0,"28":1,"29":1,"30":0,"31":1,"32":1,"33":0,"34":1,"35":1,"36":0,"37":0,"38":1,"39":0,"40":1,"41":0,"42":0,"43":0,"44":1,"45":0,"46":6,"47":1,"48":1,"49":1,"50":0,"51":0,"52":0,"53":0,"54":0,"55":0,"56":0,"57":0,"58":0,"59":0,"60":0,"61":0,"62":0,"63":0,"64":0,"65":6,"66":1,"67":1,"68":6,"69":1,"70":1,"71":1,"72":0,"73":0,"74":0,"75":0,"76":0,"77":0,"78":0,"79":0,"80":0,"81":0,"82":0,"83":0},"f":{"0":1,"1":0,"2":1,"3":1,"4":1,"5":1,"6":0,"7":0,"8":0,"9":0,"10":0,"11":1,"12":0,"13":1,"14":1},"b":{"0":[1,1],"1":[1,1],"2":[1,0],"3":[0,0],"4":[0],"5":[0,0],"6":[0,0],"7":[0,0],"8":[0,0],"9":[0,0],"10":[0,0],"11":[1,0],"12":[1,1],"13":[0,1],"14":[0,1],"15":[0,1],"16":[0,0],"17":[0,0],"18":[0,0],"19":[0,0],"20":[0,0],"21":[0,0],"22":[1,0],"23":[1,1],"24":[0,0],"25":[0,0],"26":[0,0],"27":[0,0],"28":[0,0],"29":[0,0],"30":[0,0],"31":[1,0],"32":[0,0],"33":[0,0,0,0],"34":[0,0]},"inputSourceMap":null,"_coverageSchema":"1a1c01bbd47fc00a2c39e90264f33305004495a9","hash":"3e82e7cf0031f0f1150ae326f4153d9f8a6b1b0f"}
,"/Users/intelekia/Desktop/bot-invitations/backend/src/controllers/analytics.controller.js": {"path":"/Users/intelekia/Desktop/bot-invitations/backend/src/controllers/analytics.controller.js","statementMap":{"0":{"start":{"line":8,"column":28},"end":{"line":18,"column":2}},"1":{"start":{"line":9,"column":16},"end":{"line":9,"column":44}},"2":{"start":{"line":10,"column":2},"end":{"line":10,"column":21}},"3":{"start":{"line":10,"column":14},"end":{"line":10,"column":21}},"4":{"start":{"line":11,"column":17},"end":{"line":11,"column":70}},"5":{"start":{"line":12,"column":24},"end":{"line":12,"column":84}},"6":{"start":{"line":13,"column":18},"end":{"line":13,"column":48}},"7":{"start":{"line":13,"column":43},"end":{"line":13,"column":47}},"8":{"start":{"line":14,"column":19},"end":{"line":16,"column":8}},"9":{"start":{"line":17,"column":2},"end":{"line":17,"column":60}},"10":{"start":{"line":20,"column":28},"end":{"line":43,"column":2}},"11":{"start":{"line":21,"column":14},"end":{"line":21,"column":45}},"12":{"start":{"line":22,"column":16},"end":{"line":22,"column":58}},"13":{"start":{"line":23,"column":2},"end":{"line":33,"column":3}},"14":{"start":{"line":24,"column":18},"end":{"line":24,"column":46}},"15":{"start":{"line":25,"column":4},"end":{"line":25,"column":23}},"16":{"start":{"line":25,"column":16},"end":{"line":25,"column":23}},"17":{"start":{"line":26,"column":4},"end":{"line":26,"column":29}},"18":{"start":{"line":27,"column":18},"end":{"line":31,"column":6}},"19":{"start":{"line":32,"column":4},"end":{"line":32,"column":72}},"20":{"start":{"line":32,"column":37},"end":{"line":32,"column":69}},"21":{"start":{"line":34,"column":16},"end":{"line":38,"column":4}},"22":{"start":{"line":39,"column":20},"end":{"line":39,"column":54}},"23":{"start":{"line":40,"column":17},"end":{"line":40,"column":78}},"24":{"start":{"line":41,"column":19},"end":{"line":41,"column":72}},"25":{"start":{"line":41,"column":56},"end":{"line":41,"column":70}},"26":{"start":{"line":42,"column":2},"end":{"line":42,"column":72}},"27":{"start":{"line":42,"column":28},"end":{"line":42,"column":69}}},"fnMap":{"0":{"name":"(anonymous_0)","decl":{"start":{"line":8,"column":41},"end":{"line":8,"column":42}},"loc":{"start":{"line":8,"column":61},"end":{"line":18,"column":1}},"line":8},"1":{"name":"(anonymous_1)","decl":{"start":{"line":13,"column":36},"end":{"line":13,"column":37}},"loc":{"start":{"line":13,"column":43},"end":{"line":13,"column":47}},"line":13},"2":{"name":"(anonymous_2)","decl":{"start":{"line":20,"column":41},"end":{"line":20,"column":42}},"loc":{"start":{"line":20,"column":61},"end":{"line":43,"column":1}},"line":20},"3":{"name":"(anonymous_3)","decl":{"start":{"line":32,"column":30},"end":{"line":32,"column":31}},"loc":{"start":{"line":32,"column":37},"end":{"line":32,"column":69}},"line":32},"4":{"name":"(anonymous_4)","decl":{"start":{"line":41,"column":49},"end":{"line":41,"column":50}},"loc":{"start":{"line":41,"column":56},"end":{"line":41,"column":70}},"line":41},"5":{"name":"(anonymous_5)","decl":{"start":{"line":42,"column":21},"end":{"line":42,"column":22}},"loc":{"start":{"line":42,"column":28},"end":{"line":42,"column":69}},"line":42}},"branchMap":{"0":{"loc":{"start":{"line":10,"column":2},"end":{"line":10,"column":21}},"type":"if","locations":[{"start":{"line":10,"column":2},"end":{"line":10,"column":21}},{"start":{},"end":{}}],"line":10},"1":{"loc":{"start":{"line":14,"column":19},"end":{"line":16,"column":8}},"type":"cond-expr","locations":[{"start":{"line":15,"column":6},"end":{"line":15,"column":67}},{"start":{"line":16,"column":6},"end":{"line":16,"column":8}}],"line":14},"2":{"loc":{"start":{"line":22,"column":16},"end":{"line":22,"column":58}},"type":"cond-expr","locations":[{"start":{"line":22,"column":37},"end":{"line":22,"column":39}},{"start":{"line":22,"column":42},"end":{"line":22,"column":58}}],"line":22},"3":{"loc":{"start":{"line":23,"column":2},"end":{"line":33,"column":3}},"type":"if","locations":[{"start":{"line":23,"column":2},"end":{"line":33,"column":3}},{"start":{},"end":{}}],"line":23},"4":{"loc":{"start":{"line":25,"column":4},"end":{"line":25,"column":23}},"type":"if","locations":[{"start":{"line":25,"column":4},"end":{"line":25,"column":23}},{"start":{},"end":{}}],"line":25},"5":{"loc":{"start":{"line":30,"column":13},"end":{"line":30,"column":42}},"type":"binary-expr","locations":[{"start":{"line":30,"column":13},"end":{"line":30,"column":36}},{"start":{"line":30,"column":40},"end":{"line":30,"column":42}}],"line":30},"6":{"loc":{"start":{"line":35,"column":11},"end":{"line":35,"column":66}},"type":"cond-expr","locations":[{"start":{"line":35,"column":24},"end":{"line":35,"column":40}},{"start":{"line":35,"column":43},"end":{"line":35,"column":66}}],"line":35},"7":{"loc":{"start":{"line":37,"column":11},"end":{"line":37,"column":40}},"type":"binary-expr","locations":[{"start":{"line":37,"column":11},"end":{"line":37,"column":34}},{"start":{"line":37,"column":38},"end":{"line":37,"column":40}}],"line":37},"8":{"loc":{"start":{"line":40,"column":17},"end":{"line":40,"column":78}},"type":"cond-expr","locations":[{"start":{"line":40,"column":30},"end":{"line":40,"column":73}},{"start":{"line":40,"column":76},"end":{"line":40,"column":78}}],"line":40}},"s":{"0":2,"1":1,"2":1,"3":0,"4":1,"5":1,"6":1,"7":0,"8":1,"9":1,"10":2,"11":1,"12":1,"13":1,"14":0,"15":0,"16":0,"17":0,"18":0,"19":0,"20":0,"21":1,"22":1,"23":1,"24":1,"25":1,"26":1,"27":0},"f":{"0":1,"1":0,"2":1,"3":0,"4":1,"5":0},"b":{"0":[0,1],"1":[0,1],"2":[0,1],"3":[0,1],"4":[0,0],"5":[0,0],"6":[1,0],"7":[1,1],"8":[1,0]},"inputSourceMap":null,"_coverageSchema":"1a1c01bbd47fc00a2c39e90264f33305004495a9","hash":"1f2af0fe4a4d389d95ff147ae1016cd83630067d"}
,"/Users/intelekia/Desktop/bot-invitations/backend/src/controllers/auth.controller.js": {"path":"/Users/intelekia/Desktop/bot-invitations/backend/src/controllers/auth.controller.js","statementMap":{"0":{"start":{"line":19,"column":2},"end":{"line":19,"column":40}},"1":{"start":{"line":20,"column":15},"end":{"line":20,"column":68}},"2":{"start":{"line":21,"column":16},"end":{"line":21,"column":40}},"3":{"start":{"line":22,"column":23},"end":{"line":22,"column":59}},"4":{"start":{"line":23,"column":2},"end":{"line":25,"column":5}},"5":{"start":{"line":29,"column":2},"end":{"line":35,"column":4}},"6":{"start":{"line":39,"column":15},"end":{"line":39,"column":70}},"7":{"start":{"line":40,"column":22},"end":{"line":40,"column":43}},"8":{"start":{"line":41,"column":23},"end":{"line":41,"column":51}},"9":{"start":{"line":42,"column":2},"end":{"line":46,"column":5}},"10":{"start":{"line":47,"column":2},"end":{"line":47,"column":61}},"11":{"start":{"line":48,"column":2},"end":{"line":48,"column":57}},"12":{"start":{"line":51,"column":25},"end":{"line":54,"column":2}},"13":{"start":{"line":52,"column":16},"end":{"line":52,"column":69}},"14":{"start":{"line":53,"column":2},"end":{"line":53,"column":37}},"15":{"start":{"line":56,"column":24},"end":{"line":95,"column":2}},"16":{"start":{"line":57,"column":82},"end":{"line":57,"column":96}},"17":{"start":{"line":58,"column":26},"end":{"line":58,"column":64}},"18":{"start":{"line":59,"column":2},"end":{"line":61,"column":3}},"19":{"start":{"line":60,"column":4},"end":{"line":60,"column":99}},"20":{"start":{"line":62,"column":2},"end":{"line":64,"column":3}},"21":{"start":{"line":63,"column":4},"end":{"line":63,"column":100}},"22":{"start":{"line":65,"column":2},"end":{"line":65,"column":92}},"23":{"start":{"line":65,"column":15},"end":{"line":65,"column":92}},"24":{"start":{"line":66,"column":15},"end":{"line":66,"column":42}},"25":{"start":{"line":67,"column":2},"end":{"line":67,"column":87}},"26":{"start":{"line":67,"column":13},"end":{"line":67,"column":87}},"27":{"start":{"line":68,"column":17},"end":{"line":68,"column":85}},"28":{"start":{"line":69,"column":2},"end":{"line":69,"column":87}},"29":{"start":{"line":69,"column":14},"end":{"line":69,"column":87}},"30":{"start":{"line":70,"column":15},"end":{"line":81,"column":4}},"31":{"start":{"line":82,"column":17},"end":{"line":82,"column":52}},"32":{"start":{"line":83,"column":20},"end":{"line":83,"column":24}},"33":{"start":{"line":84,"column":2},"end":{"line":93,"column":3}},"34":{"start":{"line":85,"column":21},"end":{"line":85,"column":83}},"35":{"start":{"line":86,"column":4},"end":{"line":86,"column":39}},"36":{"start":{"line":87,"column":4},"end":{"line":92,"column":5}},"37":{"start":{"line":88,"column":6},"end":{"line":91,"column":9}},"38":{"start":{"line":94,"column":2},"end":{"line":94,"column":51}},"39":{"start":{"line":97,"column":21},"end":{"line":105,"column":2}},"40":{"start":{"line":98,"column":42},"end":{"line":98,"column":56}},"41":{"start":{"line":99,"column":15},"end":{"line":99,"column":97}},"42":{"start":{"line":100,"column":2},"end":{"line":102,"column":3}},"43":{"start":{"line":101,"column":4},"end":{"line":101,"column":79}},"44":{"start":{"line":103,"column":17},"end":{"line":103,"column":59}},"45":{"start":{"line":104,"column":2},"end":{"line":104,"column":19}},"46":{"start":{"line":107,"column":18},"end":{"line":109,"column":2}},"47":{"start":{"line":108,"column":2},"end":{"line":108,"column":51}},"48":{"start":{"line":111,"column":25},"end":{"line":114,"column":2}},"49":{"start":{"line":112,"column":16},"end":{"line":112,"column":48}},"50":{"start":{"line":113,"column":2},"end":{"line":113,"column":64}},"51":{"start":{"line":116,"column":23},"end":{"line":133,"column":2}},"52":{"start":{"line":117,"column":16},"end":{"line":117,"column":67}},"53":{"start":{"line":118,"column":2},"end":{"line":118,"column":74}},"54":{"start":{"line":118,"column":14},"end":{"line":118,"column":74}},"55":{"start":{"line":120,"column":2},"end":{"line":124,"column":3}},"56":{"start":{"line":121,"column":4},"end":{"line":121,"column":35}},"57":{"start":{"line":123,"column":4},"end":{"line":123,"column":63}},"58":{"start":{"line":125,"column":14},"end":{"line":127,"column":4}},"59":{"start":{"line":128,"column":2},"end":{"line":128,"column":101}},"60":{"start":{"line":128,"column":42},"end":{"line":128,"column":101}},"61":{"start":{"line":129,"column":15},"end":{"line":129,"column":47}},"62":{"start":{"line":130,"column":2},"end":{"line":130,"column":77}},"63":{"start":{"line":130,"column":13},"end":{"line":130,"column":77}},"64":{"start":{"line":131,"column":22},"end":{"line":131,"column":43}},"65":{"start":{"line":132,"column":2},"end":{"line":132,"column":60}},"66":{"start":{"line":135,"column":22},"end":{"line":142,"column":2}},"67":{"start":{"line":136,"column":16},"end":{"line":136,"column":67}},"68":{"start":{"line":137,"column":2},"end":{"line":139,"column":3}},"69":{"start":{"line":138,"column":4},"end":{"line":138,"column":101}},"70":{"start":{"line":140,"column":2},"end":{"line":140,"column":49}},"71":{"start":{"line":141,"column":2},"end":{"line":141,"column":25}},"72":{"start":{"line":144,"column":30},"end":{"line":158,"column":2}},"73":{"start":{"line":145,"column":16},"end":{"line":145,"column":66}},"74":{"start":{"line":146,"column":15},"end":{"line":146,"column":55}},"75":{"start":{"line":147,"column":2},"end":{"line":156,"column":3}},"76":{"start":{"line":148,"column":16},"end":{"line":148,"column":29}},"77":{"start":{"line":149,"column":4},"end":{"line":153,"column":7}},"78":{"start":{"line":154,"column":17},"end":{"line":154,"column":47}},"79":{"start":{"line":155,"column":4},"end":{"line":155,"column":63}},"80":{"start":{"line":157,"column":2},"end":{"line":157,"column":94}},"81":{"start":{"line":160,"column":29},"end":{"line":174,"column":2}},"82":{"start":{"line":161,"column":30},"end":{"line":161,"column":44}},"83":{"start":{"line":162,"column":2},"end":{"line":164,"column":3}},"84":{"start":{"line":163,"column":4},"end":{"line":163,"column":90}},"85":{"start":{"line":165,"column":14},"end":{"line":165,"column":99}},"86":{"start":{"line":166,"column":2},"end":{"line":166,"column":111}},"87":{"start":{"line":166,"column":42},"end":{"line":166,"column":111}},"88":{"start":{"line":167,"column":15},"end":{"line":167,"column":46}},"89":{"start":{"line":168,"column":2},"end":{"line":168,"column":78}},"90":{"start":{"line":168,"column":13},"end":{"line":168,"column":78}},"91":{"start":{"line":169,"column":2},"end":{"line":169,"column":54}},"92":{"start":{"line":170,"column":2},"end":{"line":170,"column":20}},"93":{"start":{"line":171,"column":2},"end":{"line":171,"column":26}},"94":{"start":{"line":172,"column":2},"end":{"line":172,"column":19}},"95":{"start":{"line":173,"column":2},"end":{"line":173,"column":25}}},"fnMap":{"0":{"name":"userWithPlan","decl":{"start":{"line":18,"column":15},"end":{"line":18,"column":27}},"loc":{"start":{"line":18,"column":34},"end":{"line":26,"column":1}},"line":18},"1":{"name":"cookieOpts","decl":{"start":{"line":28,"column":9},"end":{"line":28,"column":19}},"loc":{"start":{"line":28,"column":26},"end":{"line":36,"column":1}},"line":28},"2":{"name":"issueTokens","decl":{"start":{"line":38,"column":15},"end":{"line":38,"column":26}},"loc":{"start":{"line":38,"column":58},"end":{"line":49,"column":1}},"line":38},"3":{"name":"(anonymous_3)","decl":{"start":{"line":51,"column":38},"end":{"line":51,"column":39}},"loc":{"start":{"line":51,"column":59},"end":{"line":54,"column":1}},"line":51},"4":{"name":"(anonymous_4)","decl":{"start":{"line":56,"column":37},"end":{"line":56,"column":38}},"loc":{"start":{"line":56,"column":57},"end":{"line":95,"column":1}},"line":56},"5":{"name":"(anonymous_5)","decl":{"start":{"line":97,"column":34},"end":{"line":97,"column":35}},"loc":{"start":{"line":97,"column":54},"end":{"line":105,"column":1}},"line":97},"6":{"name":"(anonymous_6)","decl":{"start":{"line":107,"column":31},"end":{"line":107,"column":32}},"loc":{"start":{"line":107,"column":51},"end":{"line":109,"column":1}},"line":107},"7":{"name":"(anonymous_7)","decl":{"start":{"line":111,"column":38},"end":{"line":111,"column":39}},"loc":{"start":{"line":111,"column":58},"end":{"line":114,"column":1}},"line":111},"8":{"name":"(anonymous_8)","decl":{"start":{"line":116,"column":36},"end":{"line":116,"column":37}},"loc":{"start":{"line":116,"column":56},"end":{"line":133,"column":1}},"line":116},"9":{"name":"(anonymous_9)","decl":{"start":{"line":135,"column":35},"end":{"line":135,"column":36}},"loc":{"start":{"line":135,"column":55},"end":{"line":142,"column":1}},"line":135},"10":{"name":"(anonymous_10)","decl":{"start":{"line":144,"column":43},"end":{"line":144,"column":44}},"loc":{"start":{"line":144,"column":63},"end":{"line":158,"column":1}},"line":144},"11":{"name":"(anonymous_11)","decl":{"start":{"line":160,"column":42},"end":{"line":160,"column":43}},"loc":{"start":{"line":160,"column":62},"end":{"line":174,"column":1}},"line":160}},"branchMap":{"0":{"loc":{"start":{"line":20,"column":15},"end":{"line":20,"column":68}},"type":"cond-expr","locations":[{"start":{"line":20,"column":29},"end":{"line":20,"column":61}},{"start":{"line":20,"column":64},"end":{"line":20,"column":68}}],"line":20},"1":{"loc":{"start":{"line":24,"column":18},"end":{"line":24,"column":75}},"type":"cond-expr","locations":[{"start":{"line":24,"column":33},"end":{"line":24,"column":68}},{"start":{"line":24,"column":71},"end":{"line":24,"column":75}}],"line":24},"2":{"loc":{"start":{"line":38,"column":38},"end":{"line":38,"column":56}},"type":"default-arg","locations":[{"start":{"line":38,"column":51},"end":{"line":38,"column":56}}],"line":38},"3":{"loc":{"start":{"line":39,"column":15},"end":{"line":39,"column":70}},"type":"cond-expr","locations":[{"start":{"line":39,"column":28},"end":{"line":39,"column":48}},{"start":{"line":39,"column":51},"end":{"line":39,"column":70}}],"line":39},"4":{"loc":{"start":{"line":57,"column":82},"end":{"line":57,"column":96}},"type":"binary-expr","locations":[{"start":{"line":57,"column":82},"end":{"line":57,"column":90}},{"start":{"line":57,"column":94},"end":{"line":57,"column":96}}],"line":57},"5":{"loc":{"start":{"line":58,"column":26},"end":{"line":58,"column":64}},"type":"cond-expr","locations":[{"start":{"line":58,"column":48},"end":{"line":58,"column":54}},{"start":{"line":58,"column":57},"end":{"line":58,"column":64}}],"line":58},"6":{"loc":{"start":{"line":59,"column":2},"end":{"line":61,"column":3}},"type":"if","locations":[{"start":{"line":59,"column":2},"end":{"line":61,"column":3}},{"start":{},"end":{}}],"line":59},"7":{"loc":{"start":{"line":59,"column":6},"end":{"line":59,"column":81}},"type":"binary-expr","locations":[{"start":{"line":59,"column":6},"end":{"line":59,"column":19}},{"start":{"line":59,"column":23},"end":{"line":59,"column":37}},{"start":{"line":59,"column":41},"end":{"line":59,"column":50}},{"start":{"line":59,"column":54},"end":{"line":59,"column":81}}],"line":59},"8":{"loc":{"start":{"line":62,"column":2},"end":{"line":64,"column":3}},"type":"if","locations":[{"start":{"line":62,"column":2},"end":{"line":64,"column":3}},{"start":{},"end":{}}],"line":62},"9":{"loc":{"start":{"line":62,"column":6},"end":{"line":62,"column":63}},"type":"binary-expr","locations":[{"start":{"line":62,"column":6},"end":{"line":62,"column":27}},{"start":{"line":62,"column":31},"end":{"line":62,"column":45}},{"start":{"line":62,"column":49},"end":{"line":62,"column":63}}],"line":62},"10":{"loc":{"start":{"line":65,"column":2},"end":{"line":65,"column":92}},"type":"if","locations":[{"start":{"line":65,"column":2},"end":{"line":65,"column":92}},{"start":{},"end":{}}],"line":65},"11":{"loc":{"start":{"line":67,"column":2},"end":{"line":67,"column":87}},"type":"if","locations":[{"start":{"line":67,"column":2},"end":{"line":67,"column":87}},{"start":{},"end":{}}],"line":67},"12":{"loc":{"start":{"line":69,"column":2},"end":{"line":69,"column":87}},"type":"if","locations":[{"start":{"line":69,"column":2},"end":{"line":69,"column":87}},{"start":{},"end":{}}],"line":69},"13":{"loc":{"start":{"line":80,"column":24},"end":{"line":80,"column":62}},"type":"cond-expr","locations":[{"start":{"line":80,"column":42},"end":{"line":80,"column":51}},{"start":{"line":80,"column":54},"end":{"line":80,"column":62}}],"line":80},"14":{"loc":{"start":{"line":84,"column":2},"end":{"line":93,"column":3}},"type":"if","locations":[{"start":{"line":84,"column":2},"end":{"line":93,"column":3}},{"start":{},"end":{}}],"line":84},"15":{"loc":{"start":{"line":87,"column":4},"end":{"line":92,"column":5}},"type":"if","locations":[{"start":{"line":87,"column":4},"end":{"line":92,"column":5}},{"start":{},"end":{}}],"line":87},"16":{"loc":{"start":{"line":98,"column":42},"end":{"line":98,"column":56}},"type":"binary-expr","locations":[{"start":{"line":98,"column":42},"end":{"line":98,"column":50}},{"start":{"line":98,"column":54},"end":{"line":98,"column":56}}],"line":98},"17":{"loc":{"start":{"line":99,"column":59},"end":{"line":99,"column":70}},"type":"binary-expr","locations":[{"start":{"line":99,"column":59},"end":{"line":99,"column":64}},{"start":{"line":99,"column":68},"end":{"line":99,"column":70}}],"line":99},"18":{"loc":{"start":{"line":100,"column":2},"end":{"line":102,"column":3}},"type":"if","locations":[{"start":{"line":100,"column":2},"end":{"line":102,"column":3}},{"start":{},"end":{}}],"line":100},"19":{"loc":{"start":{"line":100,"column":6},"end":{"line":100,"column":81}},"type":"binary-expr","locations":[{"start":{"line":100,"column":6},"end":{"line":100,"column":11}},{"start":{"line":100,"column":15},"end":{"line":100,"column":81}}],"line":100},"20":{"loc":{"start":{"line":100,"column":45},"end":{"line":100,"column":59}},"type":"binary-expr","locations":[{"start":{"line":100,"column":45},"end":{"line":100,"column":53}},{"start":{"line":100,"column":57},"end":{"line":100,"column":59}}],"line":100},"21":{"loc":{"start":{"line":117,"column":16},"end":{"line":117,"column":67}},"type":"binary-expr","locations":[{"start":{"line":117,"column":16},"end":{"line":117,"column":38}},{"start":{"line":117,"column":42},"end":{"line":117,"column":67}}],"line":117},"22":{"loc":{"start":{"line":118,"column":2},"end":{"line":118,"column":74}},"type":"if","locations":[{"start":{"line":118,"column":2},"end":{"line":118,"column":74}},{"start":{},"end":{}}],"line":118},"23":{"loc":{"start":{"line":128,"column":2},"end":{"line":128,"column":101}},"type":"if","locations":[{"start":{"line":128,"column":2},"end":{"line":128,"column":101}},{"start":{},"end":{}}],"line":128},"24":{"loc":{"start":{"line":128,"column":6},"end":{"line":128,"column":40}},"type":"binary-expr","locations":[{"start":{"line":128,"column":6},"end":{"line":128,"column":10}},{"start":{"line":128,"column":14},"end":{"line":128,"column":40}}],"line":128},"25":{"loc":{"start":{"line":130,"column":2},"end":{"line":130,"column":77}},"type":"if","locations":[{"start":{"line":130,"column":2},"end":{"line":130,"column":77}},{"start":{},"end":{}}],"line":130},"26":{"loc":{"start":{"line":136,"column":16},"end":{"line":136,"column":67}},"type":"binary-expr","locations":[{"start":{"line":136,"column":16},"end":{"line":136,"column":38}},{"start":{"line":136,"column":42},"end":{"line":136,"column":67}}],"line":136},"27":{"loc":{"start":{"line":137,"column":2},"end":{"line":139,"column":3}},"type":"if","locations":[{"start":{"line":137,"column":2},"end":{"line":139,"column":3}},{"start":{},"end":{}}],"line":137},"28":{"loc":{"start":{"line":145,"column":23},"end":{"line":145,"column":44}},"type":"binary-expr","locations":[{"start":{"line":145,"column":23},"end":{"line":145,"column":38}},{"start":{"line":145,"column":42},"end":{"line":145,"column":44}}],"line":145},"29":{"loc":{"start":{"line":147,"column":2},"end":{"line":156,"column":3}},"type":"if","locations":[{"start":{"line":147,"column":2},"end":{"line":156,"column":3}},{"start":{},"end":{}}],"line":147},"30":{"loc":{"start":{"line":161,"column":30},"end":{"line":161,"column":44}},"type":"binary-expr","locations":[{"start":{"line":161,"column":30},"end":{"line":161,"column":38}},{"start":{"line":161,"column":42},"end":{"line":161,"column":44}}],"line":161},"31":{"loc":{"start":{"line":162,"column":2},"end":{"line":164,"column":3}},"type":"if","locations":[{"start":{"line":162,"column":2},"end":{"line":164,"column":3}},{"start":{},"end":{}}],"line":162},"32":{"loc":{"start":{"line":162,"column":6},"end":{"line":162,"column":56}},"type":"binary-expr","locations":[{"start":{"line":162,"column":6},"end":{"line":162,"column":12}},{"start":{"line":162,"column":16},"end":{"line":162,"column":25}},{"start":{"line":162,"column":29},"end":{"line":162,"column":56}}],"line":162},"33":{"loc":{"start":{"line":166,"column":2},"end":{"line":166,"column":111}},"type":"if","locations":[{"start":{"line":166,"column":2},"end":{"line":166,"column":111}},{"start":{},"end":{}}],"line":166},"34":{"loc":{"start":{"line":166,"column":6},"end":{"line":166,"column":40}},"type":"binary-expr","locations":[{"start":{"line":166,"column":6},"end":{"line":166,"column":10}},{"start":{"line":166,"column":14},"end":{"line":166,"column":40}}],"line":166},"35":{"loc":{"start":{"line":168,"column":2},"end":{"line":168,"column":78}},"type":"if","locations":[{"start":{"line":168,"column":2},"end":{"line":168,"column":78}},{"start":{},"end":{}}],"line":168}},"s":{"0":4,"1":4,"2":4,"3":4,"4":4,"5":2,"6":2,"7":2,"8":2,"9":2,"10":2,"11":2,"12":11,"13":1,"14":1,"15":11,"16":2,"17":2,"18":2,"19":1,"20":1,"21":0,"22":1,"23":0,"24":1,"25":1,"26":0,"27":1,"28":1,"29":0,"30":1,"31":1,"32":1,"33":1,"34":0,"35":0,"36":0,"37":0,"38":1,"39":11,"40":2,"41":2,"42":2,"43":1,"44":1,"45":1,"46":11,"47":1,"48":11,"49":1,"50":1,"51":11,"52":1,"53":1,"54":1,"55":0,"56":0,"57":0,"58":0,"59":0,"60":0,"61":0,"62":0,"63":0,"64":0,"65":0,"66":11,"67":1,"68":1,"69":0,"70":1,"71":1,"72":11,"73":1,"74":1,"75":1,"76":0,"77":0,"78":0,"79":0,"80":1,"81":11,"82":1,"83":1,"84":1,"85":0,"86":0,"87":0,"88":0,"89":0,"90":0,"91":0,"92":0,"93":0,"94":0,"95":0},"f":{"0":4,"1":2,"2":2,"3":1,"4":2,"5":2,"6":1,"7":1,"8":1,"9":1,"10":1,"11":1},"b":{"0":[4,0],"1":[0,4],"2":[0],"3":[0,2],"4":[2,0],"5":[0,2],"6":[1,1],"7":[2,1,1,1],"8":[0,1],"9":[1,1,1],"10":[0,1],"11":[0,1],"12":[0,1],"13":[0,1],"14":[0,1],"15":[0,0],"16":[2,0],"17":[2,0],"18":[1,1],"19":[2,1],"20":[1,0],"21":[1,1],"22":[1,0],"23":[0,0],"24":[0,0],"25":[0,0],"26":[1,1],"27":[0,1],"28":[1,0],"29":[0,1],"30":[1,0],"31":[1,0],"32":[1,0,0],"33":[0,0],"34":[0,0],"35":[0,0]},"inputSourceMap":null,"_coverageSchema":"1a1c01bbd47fc00a2c39e90264f33305004495a9","hash":"afe7ee8395f7d06678b81728600605d0dd1931c6"}
,"/Users/intelekia/Desktop/bot-invitations/backend/src/controllers/billing.controller.js": {"path":"/Users/intelekia/Desktop/bot-invitations/backend/src/controllers/billing.controller.js","statementMap":{"0":{"start":{"line":13,"column":23},"end":{"line":33,"column":1}},"1":{"start":{"line":14,"column":17},"end":{"line":14,"column":28}},"2":{"start":{"line":15,"column":2},"end":{"line":17,"column":3}},"3":{"start":{"line":16,"column":4},"end":{"line":16,"column":80}},"4":{"start":{"line":18,"column":20},"end":{"line":18,"column":51}},"5":{"start":{"line":20,"column":2},"end":{"line":25,"column":3}},"6":{"start":{"line":21,"column":4},"end":{"line":21,"column":90}},"7":{"start":{"line":23,"column":4},"end":{"line":23,"column":58}},"8":{"start":{"line":24,"column":4},"end":{"line":24,"column":72}},"9":{"start":{"line":26,"column":2},"end":{"line":32,"column":3}},"10":{"start":{"line":27,"column":4},"end":{"line":27,"column":35}},"11":{"start":{"line":28,"column":4},"end":{"line":28,"column":33}},"12":{"start":{"line":30,"column":4},"end":{"line":30,"column":43}},"13":{"start":{"line":31,"column":4},"end":{"line":31,"column":70}},"14":{"start":{"line":35,"column":24},"end":{"line":45,"column":2}},"15":{"start":{"line":36,"column":2},"end":{"line":36,"column":94}},"16":{"start":{"line":36,"column":24},"end":{"line":36,"column":94}},"17":{"start":{"line":37,"column":15},"end":{"line":37,"column":52}},"18":{"start":{"line":38,"column":2},"end":{"line":38,"column":82}},"19":{"start":{"line":38,"column":13},"end":{"line":38,"column":82}},"20":{"start":{"line":39,"column":17},"end":{"line":43,"column":4}},"21":{"start":{"line":44,"column":2},"end":{"line":44,"column":19}},"22":{"start":{"line":47,"column":22},"end":{"line":50,"column":2}},"23":{"start":{"line":48,"column":14},"end":{"line":48,"column":49}},"24":{"start":{"line":49,"column":2},"end":{"line":49,"column":31}},"25":{"start":{"line":52,"column":30},"end":{"line":56,"column":2}},"26":{"start":{"line":53,"column":18},"end":{"line":53,"column":92}},"27":{"start":{"line":54,"column":2},"end":{"line":54,"column":80}},"28":{"start":{"line":54,"column":16},"end":{"line":54,"column":80}},"29":{"start":{"line":55,"column":2},"end":{"line":55,"column":88}}},"fnMap":{"0":{"name":"(anonymous_0)","decl":{"start":{"line":13,"column":23},"end":{"line":13,"column":24}},"loc":{"start":{"line":13,"column":43},"end":{"line":33,"column":1}},"line":13},"1":{"name":"(anonymous_1)","decl":{"start":{"line":35,"column":37},"end":{"line":35,"column":38}},"loc":{"start":{"line":35,"column":57},"end":{"line":45,"column":1}},"line":35},"2":{"name":"(anonymous_2)","decl":{"start":{"line":47,"column":35},"end":{"line":47,"column":36}},"loc":{"start":{"line":47,"column":55},"end":{"line":50,"column":1}},"line":47},"3":{"name":"(anonymous_3)","decl":{"start":{"line":52,"column":43},"end":{"line":52,"column":44}},"loc":{"start":{"line":52,"column":63},"end":{"line":56,"column":1}},"line":52}},"branchMap":{"0":{"loc":{"start":{"line":15,"column":2},"end":{"line":17,"column":3}},"type":"if","locations":[{"start":{"line":15,"column":2},"end":{"line":17,"column":3}},{"start":{},"end":{}}],"line":15},"1":{"loc":{"start":{"line":15,"column":6},"end":{"line":15,"column":42}},"type":"binary-expr","locations":[{"start":{"line":15,"column":6},"end":{"line":15,"column":13}},{"start":{"line":15,"column":17},"end":{"line":15,"column":42}}],"line":15},"2":{"loc":{"start":{"line":36,"column":2},"end":{"line":36,"column":94}},"type":"if","locations":[{"start":{"line":36,"column":2},"end":{"line":36,"column":94}},{"start":{},"end":{}}],"line":36},"3":{"loc":{"start":{"line":38,"column":2},"end":{"line":38,"column":82}},"type":"if","locations":[{"start":{"line":38,"column":2},"end":{"line":38,"column":82}},{"start":{},"end":{}}],"line":38},"4":{"loc":{"start":{"line":42,"column":14},"end":{"line":42,"column":62}},"type":"cond-expr","locations":[{"start":{"line":42,"column":46},"end":{"line":42,"column":52}},{"start":{"line":42,"column":55},"end":{"line":42,"column":62}}],"line":42},"5":{"loc":{"start":{"line":53,"column":47},"end":{"line":53,"column":91}},"type":"binary-expr","locations":[{"start":{"line":53,"column":47},"end":{"line":53,"column":67}},{"start":{"line":53,"column":71},"end":{"line":53,"column":91}}],"line":53},"6":{"loc":{"start":{"line":54,"column":2},"end":{"line":54,"column":80}},"type":"if","locations":[{"start":{"line":54,"column":2},"end":{"line":54,"column":80}},{"start":{},"end":{}}],"line":54}},"s":{"0":6,"1":2,"2":2,"3":0,"4":2,"5":2,"6":2,"7":1,"8":1,"9":1,"10":1,"11":1,"12":0,"13":0,"14":6,"15":2,"16":0,"17":2,"18":2,"19":1,"20":1,"21":1,"22":6,"23":1,"24":1,"25":6,"26":1,"27":1,"28":1,"29":0},"f":{"0":2,"1":2,"2":1,"3":1},"b":{"0":[0,2],"1":[2,2],"2":[0,2],"3":[1,1],"4":[0,1],"5":[1,1],"6":[1,0]},"inputSourceMap":null,"_coverageSchema":"1a1c01bbd47fc00a2c39e90264f33305004495a9","hash":"66953b3be1daad44faddc88f7a5f5c5d30e6b7f4"}
,"/Users/intelekia/Desktop/bot-invitations/backend/src/controllers/cancellation.controller.js": {"path":"/Users/intelekia/Desktop/bot-invitations/backend/src/controllers/cancellation.controller.js","statementMap":{"0":{"start":{"line":11,"column":23},"end":{"line":14,"column":2}},"1":{"start":{"line":12,"column":14},"end":{"line":12,"column":54}},"2":{"start":{"line":13,"column":2},"end":{"line":13,"column":70}},"3":{"start":{"line":16,"column":26},"end":{"line":19,"column":2}},"4":{"start":{"line":17,"column":14},"end":{"line":17,"column":67}},"5":{"start":{"line":18,"column":2},"end":{"line":18,"column":69}},"6":{"start":{"line":21,"column":28},"end":{"line":24,"column":2}},"7":{"start":{"line":22,"column":14},"end":{"line":22,"column":50}},"8":{"start":{"line":23,"column":2},"end":{"line":23,"column":57}},"9":{"start":{"line":26,"column":23},"end":{"line":36,"column":2}},"10":{"start":{"line":27,"column":17},"end":{"line":27,"column":61}},"11":{"start":{"line":28,"column":16},"end":{"line":28,"column":18}},"12":{"start":{"line":29,"column":2},"end":{"line":29,"column":56}},"13":{"start":{"line":29,"column":34},"end":{"line":29,"column":56}},"14":{"start":{"line":30,"column":15},"end":{"line":34,"column":4}},"15":{"start":{"line":35,"column":2},"end":{"line":35,"column":44}},"16":{"start":{"line":38,"column":22},"end":{"line":41,"column":2}},"17":{"start":{"line":39,"column":16},"end":{"line":39,"column":81}},"18":{"start":{"line":40,"column":2},"end":{"line":40,"column":22}},"19":{"start":{"line":43,"column":23},"end":{"line":48,"column":2}},"20":{"start":{"line":44,"column":14},"end":{"line":44,"column":70}},"21":{"start":{"line":45,"column":2},"end":{"line":45,"column":79}},"22":{"start":{"line":45,"column":12},"end":{"line":45,"column":79}},"23":{"start":{"line":46,"column":18},"end":{"line":46,"column":98}},"24":{"start":{"line":47,"column":2},"end":{"line":47,"column":61}},"25":{"start":{"line":50,"column":22},"end":{"line":55,"column":2}},"26":{"start":{"line":51,"column":14},"end":{"line":51,"column":70}},"27":{"start":{"line":52,"column":2},"end":{"line":52,"column":79}},"28":{"start":{"line":52,"column":12},"end":{"line":52,"column":79}},"29":{"start":{"line":53,"column":18},"end":{"line":53,"column":99}},"30":{"start":{"line":54,"column":2},"end":{"line":54,"column":61}}},"fnMap":{"0":{"name":"(anonymous_0)","decl":{"start":{"line":11,"column":36},"end":{"line":11,"column":37}},"loc":{"start":{"line":11,"column":56},"end":{"line":14,"column":1}},"line":11},"1":{"name":"(anonymous_1)","decl":{"start":{"line":16,"column":39},"end":{"line":16,"column":40}},"loc":{"start":{"line":16,"column":59},"end":{"line":19,"column":1}},"line":16},"2":{"name":"(anonymous_2)","decl":{"start":{"line":21,"column":41},"end":{"line":21,"column":42}},"loc":{"start":{"line":21,"column":61},"end":{"line":24,"column":1}},"line":21},"3":{"name":"(anonymous_3)","decl":{"start":{"line":26,"column":36},"end":{"line":26,"column":37}},"loc":{"start":{"line":26,"column":56},"end":{"line":36,"column":1}},"line":26},"4":{"name":"(anonymous_4)","decl":{"start":{"line":38,"column":35},"end":{"line":38,"column":36}},"loc":{"start":{"line":38,"column":56},"end":{"line":41,"column":1}},"line":38},"5":{"name":"(anonymous_5)","decl":{"start":{"line":43,"column":36},"end":{"line":43,"column":37}},"loc":{"start":{"line":43,"column":56},"end":{"line":48,"column":1}},"line":43},"6":{"name":"(anonymous_6)","decl":{"start":{"line":50,"column":35},"end":{"line":50,"column":36}},"loc":{"start":{"line":50,"column":55},"end":{"line":55,"column":1}},"line":50}},"branchMap":{"0":{"loc":{"start":{"line":13,"column":27},"end":{"line":13,"column":66}},"type":"cond-expr","locations":[{"start":{"line":13,"column":33},"end":{"line":13,"column":59}},{"start":{"line":13,"column":62},"end":{"line":13,"column":66}}],"line":13},"1":{"loc":{"start":{"line":27,"column":24},"end":{"line":27,"column":53}},"type":"binary-expr","locations":[{"start":{"line":27,"column":24},"end":{"line":27,"column":40}},{"start":{"line":27,"column":44},"end":{"line":27,"column":53}}],"line":27},"2":{"loc":{"start":{"line":29,"column":2},"end":{"line":29,"column":56}},"type":"if","locations":[{"start":{"line":29,"column":2},"end":{"line":29,"column":56}},{"start":{},"end":{}}],"line":29},"3":{"loc":{"start":{"line":29,"column":6},"end":{"line":29,"column":32}},"type":"binary-expr","locations":[{"start":{"line":29,"column":6},"end":{"line":29,"column":12}},{"start":{"line":29,"column":16},"end":{"line":29,"column":32}}],"line":29},"4":{"loc":{"start":{"line":45,"column":2},"end":{"line":45,"column":79}},"type":"if","locations":[{"start":{"line":45,"column":2},"end":{"line":45,"column":79}},{"start":{},"end":{}}],"line":45},"5":{"loc":{"start":{"line":52,"column":2},"end":{"line":52,"column":79}},"type":"if","locations":[{"start":{"line":52,"column":2},"end":{"line":52,"column":79}},{"start":{},"end":{}}],"line":52}},"s":{"0":5,"1":1,"2":1,"3":5,"4":2,"5":1,"6":5,"7":0,"8":0,"9":5,"10":0,"11":0,"12":0,"13":0,"14":0,"15":0,"16":5,"17":1,"18":1,"19":5,"20":1,"21":1,"22":1,"23":0,"24":0,"25":5,"26":0,"27":0,"28":0,"29":0,"30":0},"f":{"0":1,"1":2,"2":0,"3":0,"4":1,"5":1,"6":0},"b":{"0":[0,1],"1":[0,0],"2":[0,0],"3":[0,0],"4":[1,0],"5":[0,0]},"inputSourceMap":null,"_coverageSchema":"1a1c01bbd47fc00a2c39e90264f33305004495a9","hash":"72f864e61b9671623c5f6486a05fa1303d63df50"}
,"/Users/intelekia/Desktop/bot-invitations/backend/src/controllers/conversations.controller.js": {"path":"/Users/intelekia/Desktop/bot-invitations/backend/src/controllers/conversations.controller.js","statementMap":{"0":{"start":{"line":18,"column":14},"end":{"line":18,"column":40}},"1":{"start":{"line":19,"column":15},"end":{"line":19,"column":90}},"2":{"start":{"line":20,"column":2},"end":{"line":20,"column":25}},"3":{"start":{"line":20,"column":13},"end":{"line":20,"column":25}},"4":{"start":{"line":21,"column":16},"end":{"line":21,"column":50}},"5":{"start":{"line":22,"column":2},"end":{"line":22,"column":25}},"6":{"start":{"line":25,"column":33},"end":{"line":34,"column":2}},"7":{"start":{"line":26,"column":16},"end":{"line":26,"column":44}},"8":{"start":{"line":27,"column":2},"end":{"line":27,"column":21}},"9":{"start":{"line":27,"column":14},"end":{"line":27,"column":21}},"10":{"start":{"line":28,"column":24},"end":{"line":32,"column":4}},"11":{"start":{"line":33,"column":2},"end":{"line":33,"column":93}},"12":{"start":{"line":33,"column":36},"end":{"line":33,"column":90}},"13":{"start":{"line":36,"column":34},"end":{"line":47,"column":2}},"14":{"start":{"line":37,"column":16},"end":{"line":37,"column":84}},"15":{"start":{"line":38,"column":2},"end":{"line":38,"column":84}},"16":{"start":{"line":38,"column":14},"end":{"line":38,"column":84}},"17":{"start":{"line":39,"column":2},"end":{"line":39,"column":82}},"18":{"start":{"line":39,"column":40},"end":{"line":39,"column":82}},"19":{"start":{"line":40,"column":2},"end":{"line":40,"column":87}},"20":{"start":{"line":40,"column":38},"end":{"line":40,"column":87}},"21":{"start":{"line":41,"column":2},"end":{"line":41,"column":26}},"22":{"start":{"line":42,"column":19},"end":{"line":45,"column":4}},"23":{"start":{"line":46,"column":2},"end":{"line":46,"column":74}},"24":{"start":{"line":49,"column":27},"end":{"line":77,"column":2}},"25":{"start":{"line":50,"column":16},"end":{"line":50,"column":84}},"26":{"start":{"line":51,"column":2},"end":{"line":51,"column":84}},"27":{"start":{"line":51,"column":14},"end":{"line":51,"column":84}},"28":{"start":{"line":52,"column":2},"end":{"line":52,"column":37}},"29":{"start":{"line":53,"column":15},"end":{"line":53,"column":50}},"30":{"start":{"line":54,"column":2},"end":{"line":54,"column":88}},"31":{"start":{"line":54,"column":13},"end":{"line":54,"column":88}},"32":{"start":{"line":55,"column":15},"end":{"line":55,"column":76}},"33":{"start":{"line":56,"column":18},"end":{"line":61,"column":4}},"34":{"start":{"line":62,"column":2},"end":{"line":62,"column":24}},"35":{"start":{"line":63,"column":2},"end":{"line":63,"column":26}},"36":{"start":{"line":64,"column":16},"end":{"line":64,"column":56}},"37":{"start":{"line":65,"column":2},"end":{"line":75,"column":3}},"38":{"start":{"line":66,"column":4},"end":{"line":66,"column":42}},"39":{"start":{"line":67,"column":4},"end":{"line":67,"column":23}},"40":{"start":{"line":68,"column":4},"end":{"line":74,"column":7}},"41":{"start":{"line":76,"column":2},"end":{"line":76,"column":50}},"42":{"start":{"line":79,"column":30},"end":{"line":128,"column":2}},"43":{"start":{"line":80,"column":16},"end":{"line":80,"column":44}},"44":{"start":{"line":81,"column":2},"end":{"line":81,"column":21}},"45":{"start":{"line":81,"column":14},"end":{"line":81,"column":21}},"46":{"start":{"line":82,"column":2},"end":{"line":82,"column":37}},"47":{"start":{"line":83,"column":13},"end":{"line":83,"column":69}},"48":{"start":{"line":84,"column":17},"end":{"line":84,"column":95}},"49":{"start":{"line":85,"column":14},"end":{"line":85,"column":24}},"50":{"start":{"line":86,"column":2},"end":{"line":124,"column":3}},"51":{"start":{"line":87,"column":17},"end":{"line":95,"column":6}},"52":{"start":{"line":96,"column":4},"end":{"line":96,"column":29}},"53":{"start":{"line":97,"column":4},"end":{"line":97,"column":31}},"54":{"start":{"line":98,"column":4},"end":{"line":98,"column":48}},"55":{"start":{"line":99,"column":4},"end":{"line":99,"column":28}},"56":{"start":{"line":100,"column":4},"end":{"line":100,"column":23}},"57":{"start":{"line":102,"column":15},"end":{"line":102,"column":75}},"58":{"start":{"line":103,"column":4},"end":{"line":110,"column":5}},"59":{"start":{"line":104,"column":6},"end":{"line":109,"column":9}},"60":{"start":{"line":111,"column":4},"end":{"line":116,"column":7}},"61":{"start":{"line":117,"column":4},"end":{"line":123,"column":7}},"62":{"start":{"line":125,"column":2},"end":{"line":125,"column":125}},"63":{"start":{"line":126,"column":18},"end":{"line":126,"column":71}},"64":{"start":{"line":127,"column":2},"end":{"line":127,"column":99}},"65":{"start":{"line":127,"column":65},"end":{"line":127,"column":94}}},"fnMap":{"0":{"name":"accessibleConversation","decl":{"start":{"line":17,"column":15},"end":{"line":17,"column":37}},"loc":{"start":{"line":17,"column":62},"end":{"line":23,"column":1}},"line":17},"1":{"name":"(anonymous_1)","decl":{"start":{"line":25,"column":46},"end":{"line":25,"column":47}},"loc":{"start":{"line":25,"column":66},"end":{"line":34,"column":1}},"line":25},"2":{"name":"(anonymous_2)","decl":{"start":{"line":33,"column":29},"end":{"line":33,"column":30}},"loc":{"start":{"line":33,"column":36},"end":{"line":33,"column":90}},"line":33},"3":{"name":"(anonymous_3)","decl":{"start":{"line":36,"column":47},"end":{"line":36,"column":48}},"loc":{"start":{"line":36,"column":67},"end":{"line":47,"column":1}},"line":36},"4":{"name":"(anonymous_4)","decl":{"start":{"line":49,"column":40},"end":{"line":49,"column":41}},"loc":{"start":{"line":49,"column":60},"end":{"line":77,"column":1}},"line":49},"5":{"name":"(anonymous_5)","decl":{"start":{"line":79,"column":43},"end":{"line":79,"column":44}},"loc":{"start":{"line":79,"column":63},"end":{"line":128,"column":1}},"line":79},"6":{"name":"(anonymous_6)","decl":{"start":{"line":127,"column":58},"end":{"line":127,"column":59}},"loc":{"start":{"line":127,"column":65},"end":{"line":127,"column":94}},"line":127}},"branchMap":{"0":{"loc":{"start":{"line":20,"column":2},"end":{"line":20,"column":25}},"type":"if","locations":[{"start":{"line":20,"column":2},"end":{"line":20,"column":25}},{"start":{},"end":{}}],"line":20},"1":{"loc":{"start":{"line":27,"column":2},"end":{"line":27,"column":21}},"type":"if","locations":[{"start":{"line":27,"column":2},"end":{"line":27,"column":21}},{"start":{},"end":{}}],"line":27},"2":{"loc":{"start":{"line":33,"column":73},"end":{"line":33,"column":89}},"type":"binary-expr","locations":[{"start":{"line":33,"column":73},"end":{"line":33,"column":83}},{"start":{"line":33,"column":87},"end":{"line":33,"column":89}}],"line":33},"3":{"loc":{"start":{"line":38,"column":2},"end":{"line":38,"column":84}},"type":"if","locations":[{"start":{"line":38,"column":2},"end":{"line":38,"column":84}},{"start":{},"end":{}}],"line":38},"4":{"loc":{"start":{"line":39,"column":2},"end":{"line":39,"column":82}},"type":"if","locations":[{"start":{"line":39,"column":2},"end":{"line":39,"column":82}},{"start":{},"end":{}}],"line":39},"5":{"loc":{"start":{"line":40,"column":2},"end":{"line":40,"column":87}},"type":"if","locations":[{"start":{"line":40,"column":2},"end":{"line":40,"column":87}},{"start":{},"end":{}}],"line":40},"6":{"loc":{"start":{"line":40,"column":58},"end":{"line":40,"column":86}},"type":"binary-expr","locations":[{"start":{"line":40,"column":58},"end":{"line":40,"column":81}},{"start":{"line":40,"column":85},"end":{"line":40,"column":86}}],"line":40},"7":{"loc":{"start":{"line":51,"column":2},"end":{"line":51,"column":84}},"type":"if","locations":[{"start":{"line":51,"column":2},"end":{"line":51,"column":84}},{"start":{},"end":{}}],"line":51},"8":{"loc":{"start":{"line":53,"column":22},"end":{"line":53,"column":42}},"type":"binary-expr","locations":[{"start":{"line":53,"column":22},"end":{"line":53,"column":36}},{"start":{"line":53,"column":40},"end":{"line":53,"column":42}}],"line":53},"9":{"loc":{"start":{"line":54,"column":2},"end":{"line":54,"column":88}},"type":"if","locations":[{"start":{"line":54,"column":2},"end":{"line":54,"column":88}},{"start":{},"end":{}}],"line":54},"10":{"loc":{"start":{"line":55,"column":15},"end":{"line":55,"column":76}},"type":"cond-expr","locations":[{"start":{"line":55,"column":37},"end":{"line":55,"column":46}},{"start":{"line":55,"column":49},"end":{"line":55,"column":76}}],"line":55},"11":{"loc":{"start":{"line":55,"column":49},"end":{"line":55,"column":76}},"type":"binary-expr","locations":[{"start":{"line":55,"column":49},"end":{"line":55,"column":63}},{"start":{"line":55,"column":67},"end":{"line":55,"column":76}}],"line":55},"12":{"loc":{"start":{"line":58,"column":10},"end":{"line":58,"column":70}},"type":"cond-expr","locations":[{"start":{"line":58,"column":54},"end":{"line":58,"column":58}},{"start":{"line":58,"column":61},"end":{"line":58,"column":70}}],"line":58},"13":{"loc":{"start":{"line":65,"column":2},"end":{"line":75,"column":3}},"type":"if","locations":[{"start":{"line":65,"column":2},"end":{"line":75,"column":3}},{"start":{},"end":{}}],"line":65},"14":{"loc":{"start":{"line":65,"column":6},"end":{"line":65,"column":31}},"type":"binary-expr","locations":[{"start":{"line":65,"column":6},"end":{"line":65,"column":11}},{"start":{"line":65,"column":15},"end":{"line":65,"column":31}}],"line":65},"15":{"loc":{"start":{"line":81,"column":2},"end":{"line":81,"column":21}},"type":"if","locations":[{"start":{"line":81,"column":2},"end":{"line":81,"column":21}},{"start":{},"end":{}}],"line":81},"16":{"loc":{"start":{"line":87,"column":31},"end":{"line":87,"column":93}},"type":"binary-expr","locations":[{"start":{"line":87,"column":31},"end":{"line":87,"column":49}},{"start":{"line":87,"column":53},"end":{"line":87,"column":93}}],"line":87},"17":{"loc":{"start":{"line":88,"column":14},"end":{"line":88,"column":50}},"type":"binary-expr","locations":[{"start":{"line":88,"column":14},"end":{"line":88,"column":37}},{"start":{"line":88,"column":41},"end":{"line":88,"column":50}}],"line":88},"18":{"loc":{"start":{"line":103,"column":4},"end":{"line":110,"column":5}},"type":"if","locations":[{"start":{"line":103,"column":4},"end":{"line":110,"column":5}},{"start":{},"end":{}}],"line":103},"19":{"loc":{"start":{"line":125,"column":33},"end":{"line":125,"column":68}},"type":"binary-expr","locations":[{"start":{"line":125,"column":33},"end":{"line":125,"column":50}},{"start":{"line":125,"column":54},"end":{"line":125,"column":68}}],"line":125}},"s":{"0":2,"1":2,"2":2,"3":1,"4":1,"5":1,"6":4,"7":1,"8":1,"9":0,"10":1,"11":1,"12":1,"13":4,"14":1,"15":1,"16":1,"17":0,"18":0,"19":0,"20":0,"21":0,"22":0,"23":0,"24":4,"25":1,"26":1,"27":0,"28":1,"29":1,"30":1,"31":1,"32":0,"33":0,"34":0,"35":0,"36":0,"37":0,"38":0,"39":0,"40":0,"41":0,"42":4,"43":1,"44":1,"45":0,"46":1,"47":1,"48":1,"49":1,"50":1,"51":1,"52":1,"53":1,"54":1,"55":1,"56":1,"57":1,"58":1,"59":1,"60":1,"61":1,"62":1,"63":1,"64":1,"65":1},"f":{"0":2,"1":1,"2":1,"3":1,"4":1,"5":1,"6":1},"b":{"0":[1,1],"1":[0,1],"2":[1,0],"3":[1,0],"4":[0,0],"5":[0,0],"6":[0,0],"7":[0,1],"8":[1,0],"9":[1,0],"10":[0,0],"11":[0,0],"12":[0,0],"13":[0,0],"14":[0,0],"15":[0,1],"16":[1,0],"17":[1,0],"18":[1,0],"19":[1,0]},"inputSourceMap":null,"_coverageSchema":"1a1c01bbd47fc00a2c39e90264f33305004495a9","hash":"d32d1535c014db2b32d26d49f9c2e9a5143c9ebb"}
,"/Users/intelekia/Desktop/bot-invitations/backend/src/controllers/event-data.controller.js": {"path":"/Users/intelekia/Desktop/bot-invitations/backend/src/controllers/event-data.controller.js","statementMap":{"0":{"start":{"line":6,"column":21},"end":{"line":11,"column":2}},"1":{"start":{"line":7,"column":16},"end":{"line":7,"column":44}},"2":{"start":{"line":8,"column":2},"end":{"line":8,"column":21}},"3":{"start":{"line":8,"column":14},"end":{"line":8,"column":21}},"4":{"start":{"line":9,"column":13},"end":{"line":9,"column":69}},"5":{"start":{"line":10,"column":2},"end":{"line":10,"column":40}},"6":{"start":{"line":13,"column":24},"end":{"line":33,"column":2}},"7":{"start":{"line":14,"column":16},"end":{"line":14,"column":44}},"8":{"start":{"line":15,"column":2},"end":{"line":15,"column":21}},"9":{"start":{"line":15,"column":14},"end":{"line":15,"column":21}},"10":{"start":{"line":16,"column":13},"end":{"line":16,"column":69}},"11":{"start":{"line":17,"column":2},"end":{"line":17,"column":88}},"12":{"start":{"line":17,"column":11},"end":{"line":17,"column":88}},"13":{"start":{"line":18,"column":18},"end":{"line":27,"column":3}},"14":{"start":{"line":28,"column":2},"end":{"line":30,"column":3}},"15":{"start":{"line":29,"column":4},"end":{"line":29,"column":63}},"16":{"start":{"line":29,"column":39},"end":{"line":29,"column":63}},"17":{"start":{"line":31,"column":2},"end":{"line":31,"column":18}},"18":{"start":{"line":32,"column":2},"end":{"line":32,"column":28}},"19":{"start":{"line":35,"column":28},"end":{"line":51,"column":2}},"20":{"start":{"line":36,"column":16},"end":{"line":36,"column":44}},"21":{"start":{"line":37,"column":2},"end":{"line":37,"column":21}},"22":{"start":{"line":37,"column":14},"end":{"line":37,"column":21}},"23":{"start":{"line":38,"column":19},"end":{"line":38,"column":75}},"24":{"start":{"line":39,"column":2},"end":{"line":39,"column":112}},"25":{"start":{"line":39,"column":32},"end":{"line":39,"column":112}},"26":{"start":{"line":40,"column":2},"end":{"line":40,"column":59}},"27":{"start":{"line":41,"column":18},"end":{"line":49,"column":3}},"28":{"start":{"line":42,"column":25},"end":{"line":48,"column":5}},"29":{"start":{"line":50,"column":2},"end":{"line":50,"column":43}},"30":{"start":{"line":53,"column":23},"end":{"line":68,"column":2}},"31":{"start":{"line":54,"column":16},"end":{"line":54,"column":44}},"32":{"start":{"line":55,"column":2},"end":{"line":55,"column":21}},"33":{"start":{"line":55,"column":14},"end":{"line":55,"column":21}},"34":{"start":{"line":56,"column":19},"end":{"line":56,"column":70}},"35":{"start":{"line":57,"column":2},"end":{"line":57,"column":106}},"36":{"start":{"line":57,"column":32},"end":{"line":57,"column":106}},"37":{"start":{"line":58,"column":2},"end":{"line":58,"column":54}},"38":{"start":{"line":59,"column":18},"end":{"line":66,"column":3}},"39":{"start":{"line":60,"column":25},"end":{"line":65,"column":5}},"40":{"start":{"line":67,"column":2},"end":{"line":67,"column":38}}},"fnMap":{"0":{"name":"(anonymous_0)","decl":{"start":{"line":6,"column":34},"end":{"line":6,"column":35}},"loc":{"start":{"line":6,"column":54},"end":{"line":11,"column":1}},"line":6},"1":{"name":"(anonymous_1)","decl":{"start":{"line":13,"column":37},"end":{"line":13,"column":38}},"loc":{"start":{"line":13,"column":57},"end":{"line":33,"column":1}},"line":13},"2":{"name":"(anonymous_2)","decl":{"start":{"line":35,"column":41},"end":{"line":35,"column":42}},"loc":{"start":{"line":35,"column":61},"end":{"line":51,"column":1}},"line":35},"3":{"name":"(anonymous_3)","decl":{"start":{"line":42,"column":17},"end":{"line":42,"column":18}},"loc":{"start":{"line":42,"column":25},"end":{"line":48,"column":5}},"line":42},"4":{"name":"(anonymous_4)","decl":{"start":{"line":53,"column":36},"end":{"line":53,"column":37}},"loc":{"start":{"line":53,"column":56},"end":{"line":68,"column":1}},"line":53},"5":{"name":"(anonymous_5)","decl":{"start":{"line":60,"column":17},"end":{"line":60,"column":18}},"loc":{"start":{"line":60,"column":25},"end":{"line":65,"column":5}},"line":60}},"branchMap":{"0":{"loc":{"start":{"line":8,"column":2},"end":{"line":8,"column":21}},"type":"if","locations":[{"start":{"line":8,"column":2},"end":{"line":8,"column":21}},{"start":{},"end":{}}],"line":8},"1":{"loc":{"start":{"line":10,"column":11},"end":{"line":10,"column":38}},"type":"cond-expr","locations":[{"start":{"line":10,"column":16},"end":{"line":10,"column":31}},{"start":{"line":10,"column":34},"end":{"line":10,"column":38}}],"line":10},"2":{"loc":{"start":{"line":15,"column":2},"end":{"line":15,"column":21}},"type":"if","locations":[{"start":{"line":15,"column":2},"end":{"line":15,"column":21}},{"start":{},"end":{}}],"line":15},"3":{"loc":{"start":{"line":17,"column":2},"end":{"line":17,"column":88}},"type":"if","locations":[{"start":{"line":17,"column":2},"end":{"line":17,"column":88}},{"start":{},"end":{}}],"line":17},"4":{"loc":{"start":{"line":29,"column":4},"end":{"line":29,"column":63}},"type":"if","locations":[{"start":{"line":29,"column":4},"end":{"line":29,"column":63}},{"start":{},"end":{}}],"line":29},"5":{"loc":{"start":{"line":37,"column":2},"end":{"line":37,"column":21}},"type":"if","locations":[{"start":{"line":37,"column":2},"end":{"line":37,"column":21}},{"start":{},"end":{}}],"line":37},"6":{"loc":{"start":{"line":38,"column":19},"end":{"line":38,"column":75}},"type":"cond-expr","locations":[{"start":{"line":38,"column":45},"end":{"line":38,"column":53}},{"start":{"line":38,"column":56},"end":{"line":38,"column":75}}],"line":38},"7":{"loc":{"start":{"line":39,"column":2},"end":{"line":39,"column":112}},"type":"if","locations":[{"start":{"line":39,"column":2},"end":{"line":39,"column":112}},{"start":{},"end":{}}],"line":39},"8":{"loc":{"start":{"line":43,"column":10},"end":{"line":43,"column":63}},"type":"cond-expr","locations":[{"start":{"line":43,"column":47},"end":{"line":43,"column":51}},{"start":{"line":43,"column":54},"end":{"line":43,"column":63}}],"line":43},"9":{"loc":{"start":{"line":43,"column":10},"end":{"line":43,"column":44}},"type":"binary-expr","locations":[{"start":{"line":43,"column":10},"end":{"line":43,"column":14}},{"start":{"line":43,"column":18},"end":{"line":43,"column":44}}],"line":43},"10":{"loc":{"start":{"line":55,"column":2},"end":{"line":55,"column":21}},"type":"if","locations":[{"start":{"line":55,"column":2},"end":{"line":55,"column":21}},{"start":{},"end":{}}],"line":55},"11":{"loc":{"start":{"line":56,"column":19},"end":{"line":56,"column":70}},"type":"cond-expr","locations":[{"start":{"line":56,"column":45},"end":{"line":56,"column":53}},{"start":{"line":56,"column":56},"end":{"line":56,"column":70}}],"line":56},"12":{"loc":{"start":{"line":57,"column":2},"end":{"line":57,"column":106}},"type":"if","locations":[{"start":{"line":57,"column":2},"end":{"line":57,"column":106}},{"start":{},"end":{}}],"line":57},"13":{"loc":{"start":{"line":61,"column":10},"end":{"line":61,"column":63}},"type":"cond-expr","locations":[{"start":{"line":61,"column":47},"end":{"line":61,"column":51}},{"start":{"line":61,"column":54},"end":{"line":61,"column":63}}],"line":61},"14":{"loc":{"start":{"line":61,"column":10},"end":{"line":61,"column":44}},"type":"binary-expr","locations":[{"start":{"line":61,"column":10},"end":{"line":61,"column":14}},{"start":{"line":61,"column":18},"end":{"line":61,"column":44}}],"line":61}},"s":{"0":4,"1":1,"2":1,"3":0,"4":1,"5":1,"6":4,"7":1,"8":1,"9":0,"10":1,"11":1,"12":1,"13":0,"14":0,"15":0,"16":0,"17":0,"18":0,"19":4,"20":1,"21":1,"22":0,"23":1,"24":1,"25":1,"26":0,"27":0,"28":0,"29":0,"30":4,"31":1,"32":1,"33":0,"34":1,"35":1,"36":0,"37":1,"38":1,"39":1,"40":1},"f":{"0":1,"1":1,"2":1,"3":0,"4":1,"5":1},"b":{"0":[0,1],"1":[0,1],"2":[0,1],"3":[1,0],"4":[0,0],"5":[0,1],"6":[0,1],"7":[1,0],"8":[0,0],"9":[0,0],"10":[0,1],"11":[1,0],"12":[0,1],"13":[0,1],"14":[1,0]},"inputSourceMap":null,"_coverageSchema":"1a1c01bbd47fc00a2c39e90264f33305004495a9","hash":"377789ea024bb64ab77a04f027227a2d221fcb0b"}
,"/Users/intelekia/Desktop/bot-invitations/backend/src/controllers/events.controller.js": {"path":"/Users/intelekia/Desktop/bot-invitations/backend/src/controllers/events.controller.js","statementMap":{"0":{"start":{"line":12,"column":22},"end":{"line":12,"column":78}},"1":{"start":{"line":15,"column":16},"end":{"line":15,"column":42}},"2":{"start":{"line":16,"column":2},"end":{"line":16,"column":35}},"3":{"start":{"line":16,"column":14},"end":{"line":16,"column":35}},"4":{"start":{"line":17,"column":2},"end":{"line":21,"column":3}},"5":{"start":{"line":18,"column":16},"end":{"line":18,"column":70}},"6":{"start":{"line":19,"column":4},"end":{"line":19,"column":21}},"7":{"start":{"line":20,"column":4},"end":{"line":20,"column":14}},"8":{"start":{"line":23,"column":4},"end":{"line":25,"column":31}},"9":{"start":{"line":26,"column":2},"end":{"line":26,"column":37}},"10":{"start":{"line":26,"column":16},"end":{"line":26,"column":37}},"11":{"start":{"line":27,"column":2},"end":{"line":27,"column":15}},"12":{"start":{"line":31,"column":13},"end":{"line":31,"column":26}},"13":{"start":{"line":32,"column":10},"end":{"line":32,"column":11}},"14":{"start":{"line":33,"column":2},"end":{"line":35,"column":3}},"15":{"start":{"line":34,"column":4},"end":{"line":34,"column":37}},"16":{"start":{"line":36,"column":2},"end":{"line":36,"column":14}},"17":{"start":{"line":39,"column":26},"end":{"line":45,"column":2}},"18":{"start":{"line":40,"column":14},"end":{"line":40,"column":45}},"19":{"start":{"line":41,"column":17},"end":{"line":43,"column":8}},"20":{"start":{"line":44,"column":2},"end":{"line":44,"column":39}},"21":{"start":{"line":47,"column":27},"end":{"line":69,"column":2}},"22":{"start":{"line":48,"column":2},"end":{"line":48,"column":39}},"23":{"start":{"line":49,"column":15},"end":{"line":49,"column":29}},"24":{"start":{"line":50,"column":15},"end":{"line":50,"column":92}},"25":{"start":{"line":51,"column":16},"end":{"line":65,"column":4}},"26":{"start":{"line":66,"column":2},"end":{"line":66,"column":43}},"27":{"start":{"line":67,"column":2},"end":{"line":67,"column":75}},"28":{"start":{"line":68,"column":2},"end":{"line":68,"column":46}},"29":{"start":{"line":71,"column":24},"end":{"line":75,"column":2}},"30":{"start":{"line":72,"column":16},"end":{"line":72,"column":44}},"31":{"start":{"line":73,"column":2},"end":{"line":73,"column":21}},"32":{"start":{"line":73,"column":14},"end":{"line":73,"column":21}},"33":{"start":{"line":74,"column":2},"end":{"line":74,"column":34}},"34":{"start":{"line":77,"column":27},"end":{"line":99,"column":2}},"35":{"start":{"line":78,"column":16},"end":{"line":78,"column":44}},"36":{"start":{"line":79,"column":2},"end":{"line":79,"column":21}},"37":{"start":{"line":79,"column":14},"end":{"line":79,"column":21}},"38":{"start":{"line":80,"column":18},"end":{"line":92,"column":3}},"39":{"start":{"line":93,"column":2},"end":{"line":96,"column":3}},"40":{"start":{"line":94,"column":4},"end":{"line":94,"column":48}},"41":{"start":{"line":94,"column":39},"end":{"line":94,"column":48}},"42":{"start":{"line":95,"column":4},"end":{"line":95,"column":80}},"43":{"start":{"line":97,"column":2},"end":{"line":97,"column":21}},"44":{"start":{"line":98,"column":2},"end":{"line":98,"column":34}},"45":{"start":{"line":101,"column":26},"end":{"line":114,"column":2}},"46":{"start":{"line":102,"column":16},"end":{"line":102,"column":44}},"47":{"start":{"line":103,"column":2},"end":{"line":103,"column":21}},"48":{"start":{"line":103,"column":14},"end":{"line":103,"column":21}},"49":{"start":{"line":104,"column":16},"end":{"line":104,"column":37}},"50":{"start":{"line":105,"column":2},"end":{"line":105,"column":88}},"51":{"start":{"line":105,"column":56},"end":{"line":105,"column":88}},"52":{"start":{"line":106,"column":2},"end":{"line":111,"column":3}},"53":{"start":{"line":107,"column":4},"end":{"line":110,"column":6}},"54":{"start":{"line":112,"column":17},"end":{"line":112,"column":78}},"55":{"start":{"line":113,"column":2},"end":{"line":113,"column":61}},"56":{"start":{"line":113,"column":29},"end":{"line":113,"column":58}}},"fnMap":{"0":{"name":"sanitizeCover","decl":{"start":{"line":14,"column":9},"end":{"line":14,"column":22}},"loc":{"start":{"line":14,"column":30},"end":{"line":28,"column":1}},"line":14},"1":{"name":"uniqueSlug","decl":{"start":{"line":30,"column":15},"end":{"line":30,"column":25}},"loc":{"start":{"line":30,"column":32},"end":{"line":37,"column":1}},"line":30},"2":{"name":"(anonymous_2)","decl":{"start":{"line":39,"column":39},"end":{"line":39,"column":40}},"loc":{"start":{"line":39,"column":59},"end":{"line":45,"column":1}},"line":39},"3":{"name":"(anonymous_3)","decl":{"start":{"line":47,"column":40},"end":{"line":47,"column":41}},"loc":{"start":{"line":47,"column":60},"end":{"line":69,"column":1}},"line":47},"4":{"name":"(anonymous_4)","decl":{"start":{"line":71,"column":37},"end":{"line":71,"column":38}},"loc":{"start":{"line":71,"column":57},"end":{"line":75,"column":1}},"line":71},"5":{"name":"(anonymous_5)","decl":{"start":{"line":77,"column":40},"end":{"line":77,"column":41}},"loc":{"start":{"line":77,"column":60},"end":{"line":99,"column":1}},"line":77},"6":{"name":"(anonymous_6)","decl":{"start":{"line":101,"column":39},"end":{"line":101,"column":40}},"loc":{"start":{"line":101,"column":59},"end":{"line":114,"column":1}},"line":101},"7":{"name":"(anonymous_7)","decl":{"start":{"line":113,"column":22},"end":{"line":113,"column":23}},"loc":{"start":{"line":113,"column":29},"end":{"line":113,"column":58}},"line":113}},"branchMap":{"0":{"loc":{"start":{"line":15,"column":23},"end":{"line":15,"column":34}},"type":"binary-expr","locations":[{"start":{"line":15,"column":23},"end":{"line":15,"column":28}},{"start":{"line":15,"column":32},"end":{"line":15,"column":34}}],"line":15},"1":{"loc":{"start":{"line":16,"column":2},"end":{"line":16,"column":35}},"type":"if","locations":[{"start":{"line":16,"column":2},"end":{"line":16,"column":35}},{"start":{},"end":{}}],"line":16},"2":{"loc":{"start":{"line":17,"column":2},"end":{"line":21,"column":3}},"type":"if","locations":[{"start":{"line":17,"column":2},"end":{"line":21,"column":3}},{"start":{},"end":{}}],"line":17},"3":{"loc":{"start":{"line":23,"column":4},"end":{"line":25,"column":31}},"type":"binary-expr","locations":[{"start":{"line":23,"column":4},"end":{"line":23,"column":40}},{"start":{"line":24,"column":4},"end":{"line":24,"column":35}},{"start":{"line":25,"column":4},"end":{"line":25,"column":31}}],"line":23},"4":{"loc":{"start":{"line":26,"column":2},"end":{"line":26,"column":37}},"type":"if","locations":[{"start":{"line":26,"column":2},"end":{"line":26,"column":37}},{"start":{},"end":{}}],"line":26},"5":{"loc":{"start":{"line":41,"column":17},"end":{"line":43,"column":8}},"type":"cond-expr","locations":[{"start":{"line":42,"column":6},"end":{"line":42,"column":81}},{"start":{"line":43,"column":6},"end":{"line":43,"column":8}}],"line":41},"6":{"loc":{"start":{"line":49,"column":15},"end":{"line":49,"column":29}},"type":"binary-expr","locations":[{"start":{"line":49,"column":15},"end":{"line":49,"column":23}},{"start":{"line":49,"column":27},"end":{"line":49,"column":29}}],"line":49},"7":{"loc":{"start":{"line":50,"column":32},"end":{"line":50,"column":91}},"type":"binary-expr","locations":[{"start":{"line":50,"column":32},"end":{"line":50,"column":39}},{"start":{"line":50,"column":43},"end":{"line":50,"column":52}},{"start":{"line":50,"column":56},"end":{"line":50,"column":65}},
[...]
,"column":93}}],"line":167},"43":{"loc":{"start":{"line":169,"column":2},"end":{"line":173,"column":3}},"type":"if","locations":[{"start":{"line":169,"column":2},"end":{"line":173,"column":3}},{"start":{},"end":{}}],"line":169},"44":{"loc":{"start":{"line":178,"column":4},"end":{"line":178,"column":35}},"type":"if","locations":[{"start":{"line":178,"column":4},"end":{"line":178,"column":35}},{"start":{},"end":{}}],"line":178},"45":{"loc":{"start":{"line":186,"column":2},"end":{"line":190,"column":3}},"type":"if","locations":[{"start":{"line":186,"column":2},"end":{"line":190,"column":3}},{"start":{},"end":{}}],"line":186},"46":{"loc":{"start":{"line":193,"column":2},"end":{"line":210,"column":3}},"type":"if","locations":[{"start":{"line":193,"column":2},"end":{"line":210,"column":3}},{"start":{},"end":{}}],"line":193},"47":{"loc":{"start":{"line":193,"column":6},"end":{"line":193,"column":71}},"type":"binary-expr","locations":[{"start":{"line":193,"column":6},"end":{"line":193,"column":31}},{"start":{"line":193,"column":35},"end":{"line":193,"column":71}}],"line":193},"48":{"loc":{"start":{"line":196,"column":4},"end":{"line":203,"column":5}},"type":"if","locations":[{"start":{"line":196,"column":4},"end":{"line":203,"column":5}},{"start":{},"end":{}}],"line":196},"49":{"loc":{"start":{"line":217,"column":36},"end":{"line":217,"column":64}},"type":"binary-expr","locations":[{"start":{"line":217,"column":36},"end":{"line":217,"column":47}},{"start":{"line":217,"column":51},"end":{"line":217,"column":64}}],"line":217},"50":{"loc":{"start":{"line":218,"column":35},"end":{"line":218,"column":75}},"type":"binary-expr","locations":[{"start":{"line":218,"column":35},"end":{"line":218,"column":45}},{"start":{"line":218,"column":49},"end":{"line":218,"column":75}}],"line":218},"51":{"loc":{"start":{"line":229,"column":2},"end":{"line":229,"column":44}},"type":"if","locations":[{"start":{"line":229,"column":2},"end":{"line":229,"column":44}},{"start":{},"end":{}}],"line":229},"52":{"loc":{"start":{"line":232,"column":2},"end":{"line":235,"column":3}},"type":"if","locations":[{"start":{"line":232,"column":2},"end":{"line":235,"column":3}},{"start":{},"end":{}}],"line":232},"53":{"loc":{"start":{"line":253,"column":2},"end":{"line":257,"column":3}},"type":"if","locations":[{"start":{"line":253,"column":2},"end":{"line":257,"column":3}},{"start":{},"end":{}}],"line":253},"54":{"loc":{"start":{"line":253,"column":6},"end":{"line":253,"column":39}},"type":"binary-expr","locations":[{"start":{"line":253,"column":6},"end":{"line":253,"column":13}},{"start":{"line":253,"column":17},"end":{"line":253,"column":39}}],"line":253},"55":{"loc":{"start":{"line":271,"column":17},"end":{"line":271,"column":59}},"type":"cond-expr","locations":[{"start":{"line":271,"column":51},"end":{"line":271,"column":54}},{"start":{"line":271,"column":57},"end":{"line":271,"column":59}}],"line":271},"56":{"loc":{"start":{"line":275,"column":2},"end":{"line":280,"column":3}},"type":"if","locations":[{"start":{"line":275,"column":2},"end":{"line":280,"column":3}},{"start":{},"end":{}}],"line":275},"57":{"loc":{"start":{"line":275,"column":6},"end":{"line":275,"column":43}},"type":"binary-expr","locations":[{"start":{"line":275,"column":6},"end":{"line":275,"column":13}},{"start":{"line":275,"column":17},"end":{"line":275,"column":43}}],"line":275},"58":{"loc":{"start":{"line":277,"column":28},"end":{"line":277,"column":63}},"type":"binary-expr","locations":[{"start":{"line":277,"column":28},"end":{"line":277,"column":49}},{"start":{"line":277,"column":53},"end":{"line":277,"column":63}}],"line":277},"59":{"loc":{"start":{"line":286,"column":28},"end":{"line":286,"column":94}},"type":"binary-expr","locations":[{"start":{"line":286,"column":28},"end":{"line":286,"column":55}},{"start":{"line":286,"column":59},"end":{"line":286,"column":80}},{"start":{"line":286,"column":84},"end":{"line":286,"column":94}}],"line":286},"60":{"loc":{"start":{"line":290,"column":4},"end":{"line":290,"column":35}},"type":"if","locations":[{"start":{"line":290,"column":4},"end":{"line":290,"column":35}},{"start":{},"end":{}}],"line":290},"61":{"loc":{"start":{"line":292,"column":28},"end":{"line":292,"column":63}},"type":"binary-expr","locations":[{"start":{"line":292,"column":28},"end":{"line":292,"column":49}},{"start":{"line":292,"column":53},"end":{"line":292,"column":63}}],"line":292},"62":{"loc":{"start":{"line":300,"column":2},"end":{"line":300,"column":27}},"type":"if","locations":[{"start":{"line":300,"column":2},"end":{"line":300,"column":27}},{"start":{},"end":{}}],"line":300},"63":{"loc":{"start":{"line":302,"column":2},"end":{"line":302,"column":89}},"type":"if","locations":[{"start":{"line":302,"column":2},"end":{"line":302,"column":89}},{"start":{},"end":{}}],"line":302},"64":{"loc":{"start":{"line":302,"column":6},"end":{"line":302,"column":72}},"type":"binary-expr","locations":[{"start":{"line":302,"column":6},"end":{"line":302,"column":39}},{"start":{"line":302,"column":43},"end":{"line":302,"column":72}}],"line":302},"65":{"loc":{"start":{"line":316,"column":2},"end":{"line":316,"column":28}},"type":"if","locations":[{"start":{"line":316,"column":2},"end":{"line":316,"column":28}},{"start":{},"end":{}}],"line":316},"66":{"loc":{"start":{"line":324,"column":2},"end":{"line":335,"column":3}},"type":"if","locations":[{"start":{"line":324,"column":2},"end":{"line":335,"column":3}},{"start":{},"end":{}}],"line":324},"67":{"loc":{"start":{"line":336,"column":2},"end":{"line":355,"column":3}},"type":"if","locations":[{"start":{"line":336,"column":2},"end":{"line":355,"column":3}},{"start":{},"end":{}}],"line":336},"68":{"loc":{"start":{"line":337,"column":4},"end":{"line":339,"column":50}},"type":"binary-expr","locations":[{"start":{"line":337,"column":4},"end":{"line":337,"column":50}},{"start":{"line":338,"column":4},"end":{"line":338,"column":50}},{"start":{"line":339,"column":4},"end":{"line":339,"column":50}}],"line":337},"69":{"loc":{"start":{"line":342,"column":21},"end":{"line":342,"column":101}},"type":"binary-expr","locations":[{"start":{"line":342,"column":21},"end":{"line":342,"column":72}},{"start":{"line":342,"column":76},"end":{"line":342,"column":101}}],"line":342},"70":{"loc":{"start":{"line":346,"column":14},"end":{"line":346,"column":49}},"type":"binary-expr","locations":[{"start":{"line":346,"column":14},"end":{"line":346,"column":37}},{"start":{"line":346,"column":41},"end":{"line":346,"column":49}}],"line":346},"71":{"loc":{"start":{"line":351,"column":25},"end":{"line":351,"column":93}},"type":"binary-expr","locations":[{"start":{"line":351,"column":25},"end":{"line":351,"column":61}},{"start":{"line":351,"column":65},"end":{"line":351,"column":93}}],"line":351},"72":{"loc":{"start":{"line":356,"column":2},"end":{"line":368,"column":3}},"type":"if","locations":[{"start":{"line":356,"column":2},"end":{"line":368,"column":3}},{"start":{},"end":{}}],"line":356},"73":{"loc":{"start":{"line":358,"column":17},"end":{"line":360,"column":12}},"type":"cond-expr","locations":[{"start":{"line":359,"column":8},"end":{"line":359,"column":79}},{"start":{"line":360,"column":8},"end":{"line":360,"column":12}}],"line":358},"74":{"loc":{"start":{"line":361,"column":4},"end":{"line":364,"column":5}},"type":"if","locations":[{"start":{"line":361,"column":4},"end":{"line":364,"column":5}},{"start":{},"end":{}}],"line":361},"75":{"loc":{"start":{"line":369,"column":2},"end":{"line":375,"column":3}},"type":"if","locations":[{"start":{"line":369,"column":2},"end":{"line":375,"column":3}},{"start":{},"end":{}}],"line":369},"76":{"loc":{"start":{"line":371,"column":4},"end":{"line":374,"column":5}},"type":"if","locations":[{"start":{"line":371,"column":4},"end":{"line":374,"column":5}},{"start":{},"end":{}}],"line":371}},"s":{"0":5,"1":1,"2":5,"3":0,"4":5,"5":3,"6":5,"7":2,"8":0,"9":3,"10":3,"11":0,"12":0,"13":0,"14":2,"15":2,"16":2,"17":2,"18":2,"19":0,"20":0,"21":0,"22":0,"23":0,"24":1,"25":1,"26":0,"27":1,"28":1,"29":1,"30":0,"31":0,"32":0,"33":0,"34":0,"35":1,"36":1,"37":1,"38":1,"39":1,"40":0,"41":0,"42":0,"43":0,"44":0,"45":0,"46":0,"47":1,"48":1,"49":0,"50":0,"51":0,"52":0,"53":0,"54":0,"55":1,"56":1,"57":1,"58":1,"59":1,"60":1,"61":0,"62":0,"63":0,"64":1,"65":0,"66":0,"67":1,"68":1,"69":0,"70":1,"71":1,"72":1,"73":1,"74":1,"75":1,"76":1,"77":1,"78":1,"79":1,"80":1,"81":1,"82":1,"83":0,"84":1,"85":0,"86":1,"87":1,"88":1,"89":1,"90":0,"91":0,"92":1,"93":1,"94":1,"95":0,"96":0,"97":0,"98":1,"99":1,"100":1,"101":0,"102":0,"103":0,"104":0,"105":0,"106":0,"107":0,"108":1,"109":1,"110":0,"111":0,"112":0,"113":1,"114":1,"115":0,"116":0,"117":0,"118":0,"119":0,"120":0,"121":0,"122":0,"123":0,"124":0,"125":1,"126":1,"127":5,"128":0,"129":0,"130":0,"131":0,"132":0,"133":0,"134":0,"135":0,"136":0,"137":0,"138":0,"139":1,"140":1,"141":1,"142":1,"143":1,"144":0,"145":0,"146":0,"147":0,"148":0,"149":0,"150":0,"151":0,"152":0,"153":0,"154":0,"155":0,"156":0,"157":0,"158":0,"159":0,"160":0,"161":0,"162":0,"163":0,"164":0,"165":0,"166":0,"167":0,"168":0,"169":0,"170":1,"171":1,"172":0,"173":1,"174":1,"175":0,"176":1,"177":1,"178":0,"179":0,"180":0,"181":1,"182":1,"183":0,"184":0,"185":1,"186":0,"187":0,"188":0,"189":0,"190":0,"191":1,"192":0,"193":0,"194":0,"195":0,"196":0,"197":0,"198":0,"199":0,"200":1,"201":1,"202":1,"203":1,"204":1},"f":{"0":1,"1":5,"2":2,"3":0,"4":3,"5":2,"6":2,"7":0,"8":1,"9":1,"10":0,"11":1,"12":0,"13":1,"14":1,"15":0,"16":1,"17":1,"18":0,"19":0,"20":1,"21":0,"22":0,"23":1,"24":0,"25":1},"b":{"0":[0,5],"1":[3,2],"2":[0,2],"3":[0,0],"4":[0,0],"5":[0,0],"6":[2,0],"7":[2,2],"8":[2,0],"9":[2,2],"10":[0,0],"11":[1],"12":[1],"13":[0,1],"14":[1,1],"15":[1,0],"16":[0,1],"17":[0,0],"18":[0,1],"19":[0,0],"20":[0,0],"21":[1,0],"22":[1,0],"23":[0,0],"24":[0,1],"25":[0,0],"26":[0,0],"27":[1,0],"28":[0,1],"29":[1,0],"30":[1,0],"31":[1,0],"32":[1,0],"33":[1,0],"34":[1,0],"35":[0,1],"36":[0,1],"37":[1,0],"38":[1,1],"39":[0,1],"40":[1,1],"41":[0],"42":[0],"43":[0,1],"44":[0,0],"45":[0,1],"46":[0,1],"47":[1,0],"48":[0,0],"49":[1,1],"50":[1,1],"51":[0,0],"52":[0,0],"53":[1,0],"54":[1,1],"55":[0,0],"56":[0,0],"57":[0,0],"58":[0,0],"59":[0,0,0],"60":[0,0],"61":[0,0],"62":[0,1],"63":[0,1],"64":[1,0],"65":[0,0],"66":[0,1],"67":[0,1],"68":[1,1,1],"69":[0,0],"70":[0,0],"71":[0,0],"72":[0,1],"73":[0,0],"74":[0,0],"75":[1,0],"76":[1,0]},"inputSourceMap":null,"_coverageSchema":"1a1c01bbd47fc00a2c39e90264f33305004495a9","hash":"8478d4325add551844f068d97466d2f629d6fbb0"}
,"/Users/intelekia/Desktop/bot-invitations/backend/src/services/support.service.js": {"path":"/Users/intelekia/Desktop/bot-invitations/backend/src/services/support.service.js","statementMap":{"0":{"start":{"line":3,"column":33},"end":{"line":3,"column":88}},"1":{"start":{"line":4,"column":31},"end":{"line":4,"column":84}},"2":{"start":{"line":5,"column":33},"end":{"line":5,"column":58}},"3":{"start":{"line":8,"column":2},"end":{"line":8,"column":25}},"4":{"start":{"line":8,"column":13},"end":{"line":8,"column":25}},"5":{"start":{"line":9,"column":2},"end":{"line":14,"column":4}},"6":{"start":{"line":18,"column":2},"end":{"line":24,"column":4}},"7":{"start":{"line":28,"column":2},"end":{"line":45,"column":4}},"8":{"start":{"line":43,"column":24},"end":{"line":43,"column":89}},"9":{"start":{"line":49,"column":16},"end":{"line":49,"column":43}},"10":{"start":{"line":50,"column":2},"end":{"line":54,"column":3}},"11":{"start":{"line":50,"column":15},"end":{"line":50,"column":16}},"12":{"start":{"line":51,"column":17},"end":{"line":51,"column":58}},"13":{"start":{"line":52,"column":19},"end":{"line":52,"column":67}},"14":{"start":{"line":53,"column":4},"end":{"line":53,"column":29}},"15":{"start":{"line":53,"column":17},"end":{"line":53,"column":29}},"16":{"start":{"line":55,"column":2},"end":{"line":55,"column":54}},"17":{"start":{"line":59,"column":15},"end":{"line":59,"column":40}},"18":{"start":{"line":60,"column":2},"end":{"line":64,"column":3}},"19":{"start":{"line":61,"column":16},"end":{"line":61,"column":48}},"20":{"start":{"line":62,"column":4},"end":{"line":62,"column":21}},"21":{"start":{"line":63,"column":4},"end":{"line":63,"column":14}},"22":{"start":{"line":65,"column":2},"end":{"line":69,"column":3}},"23":{"start":{"line":66,"column":16},"end":{"line":66,"column":59}},"24":{"start":{"line":67,"column":4},"end":{"line":67,"column":21}},"25":{"start":{"line":68,"column":4},"end":{"line":68,"column":14}},"26":{"start":{"line":70,"column":18},"end":{"line":75,"column":4}},"27":{"start":{"line":76,"column":2},"end":{"line":76,"column":36}},"28":{"start":{"line":77,"column":2},"end":{"line":77,"column":49}},"29":{"start":{"line":78,"column":2},"end":{"line":80,"column":3}},"30":{"start":{"line":79,"column":4},"end":{"line":79,"column":74}},"31":{"start":{"line":81,"column":2},"end":{"line":81,"column":22}},"32":{"start":{"line":82,"column":21},"end":{"line":84,"column":4}},"33":{"start":{"line":85,"column":2},"end":{"line":85,"column":20}},"34":{"start":{"line":89,"column":2},"end":{"line":102,"column":5}}},"fnMap":{"0":{"name":"serializeUserBrief","decl":{"start":{"line":7,"column":16},"end":{"line":7,"column":34}},"loc":{"start":{"line":7,"column":41},"end":{"line":15,"column":1}},"line":7},"1":{"name":"serializeMessage","decl":{"start":{"line":17,"column":16},"end":{"line":17,"column":32}},"loc":{"start":{"line":17,"column":42},"end":{"line":25,"column":1}},"line":17},"2":{"name":"serializeTicket","decl":{"start":{"line":27,"column":16},"end":{"line":27,"column":31}},"loc":{"start":{"line":27,"column":53},"end":{"line":46,"column":1}},"line":27},"3":{"name":"(anonymous_3)","decl":{"start":{"line":43,"column":14},"end":{"line":43,"column":15}},"loc":{"start":{"line":43,"column":24},"end":{"line":43,"column":89}},"line":43},"4":{"name":"nextTicketCode","decl":{"start":{"line":48,"column":22},"end":{"line":48,"column":36}},"loc":{"start":{"line":48,"column":39},"end":{"line":56,"column":1}},"line":48},"5":{"name":"addMessage","decl":{"start":{"line":58,"column":22},"end":{"line":58,"column":32}},"loc":{"start":{"line":58,"column":67},"end":{"line":86,"column":1}},"line":58},"6":{"name":"loadTicket","decl":{"start":{"line":88,"column":22},"end":{"line":88,"column":32}},"loc":{"start":{"line":88,"column":68},"end":{"line":103,"column":1}},"line":88}},"branchMap":{"0":{"loc":{"start":{"line":8,"column":2},"end":{"line":8,"column":25}},"type":"if","locations":[{"start":{"line":8,"column":2},"end":{"line":8,"column":25}},{"start":{},"end":{}}],"line":8},"1":{"loc":{"start":{"line":13,"column":18},"end":{"line":13,"column":41}},"type":"binary-expr","locations":[{"start":{"line":13,"column":18},"end":{"line":13,"column":35}},{"start":{"line":13,"column":39},"end":{"line":13,"column":41}}],"line":13},"2":{"loc":{"start":{"line":22,"column":16},"end":{"line":22,"column":97}},"type":"binary-expr","locations":[{"start":{"line":22,"column":16},"end":{"line":22,"column":36}},{"start":{"line":22,"column":41},"end":{"line":22,"column":96}}],"line":22},"3":{"loc":{"start":{"line":22,"column":41},"end":{"line":22,"column":96}},"type":"cond-expr","locations":[{"start":{"line":22,"column":68},"end":{"line":22,"column":84}},{"start":{"line":22,"column":87},"end":{"line":22,"column":96}}],"line":22},"4":{"loc":{"start":{"line":27,"column":40},"end":{"line":27,"column":51}},"type":"default-arg","locations":[{"start":{"line":27,"column":49},"end":{"line":27,"column":51}}],"line":27},"5":{"loc":{"start":{"line":38,"column":24},"end":{"line":38,"column":55}},"type":"binary-expr","locations":[{"start":{"line":38,"column":24},"end":{"line":38,"column":49}},{"start":{"line":38,"column":53},"end":{"line":38,"column":55}}],"line":38},"6":{"loc":{"start":{"line":39,"column":10},"end":{"line":39,"column":64}},"type":"binary-expr","locations":[{"start":{"line":39,"column":10},"end":{"line":39,"column":41}},{"start":{"line":39,"column":45},"end":{"line":39,"column":56}},{"start":{"line":39,"column":60},"end":{"line":39,"column":64}}],"line":39},"7":{"loc":{"start":{"line":41,"column":6},"end":{"line":44,"column":30}},"type":"binary-expr","locations":[{"start":{"line":41,"column":6},"end":{"line":41,"column":21}},{"start":{"line":42,"column":6},"end":{"line":44,"column":30}}],"line":41},"8":{"loc":{"start":{"line":42,"column":11},"end":{"line":42,"column":32}},"type":"binary-expr","locations":[{"start":{"line":42,"column":11},"end":{"line":42,"column":26}},{"start":{"line":42,"column":30},"end":{"line":42,"column":32}}],"line":42},"9":{"loc":{"start":{"line":53,"column":4},"end":{"line":53,"column":29}},"type":"if","locations":[{"start":{"line":53,"column":4},"end":{"line":53,"column":29}},{"start":{},"end":{}}],"line":53},"10":{"loc":{"start":{"line":59,"column":22},"end":{"line":59,"column":32}},"type":"binary-expr","locations":[{"start":{"line":59,"column":22},"end":{"line":59,"column":26}},{"start":{"line":59,"column":30},"end":{"line":59,"column":32}}],"line":59},"11":{"loc":{"start":{"line":60,"column":2},"end":{"line":64,"column":3}},"type":"if","locations":[{"start":{"line":60,"column":2},"end":{"line":64,"column":3}},{"start":{},"end":{}}],"line":60},"12":{"loc":{"start":{"line":65,"column":2},"end":{"line":69,"column":3}},"type":"if","locations":[{"start":{"line":65,"column":2},"end":{"line":69,"column":3}},{"start":{},"end":{}}],"line":65},"13":{"loc":{"start":{"line":78,"column":2},"end":{"line":80,"column":3}},"type":"if","locations":[{"start":{"line":78,"column":2},"end":{"line":80,"column":3}},{"start":{},"end":{}}],"line":78},"14":{"loc":{"start":{"line":79,"column":20},"end":{"line":79,"column":73}},"type":"cond-expr","locations":[{"start":{"line":79,"column":39},"end":{"line":79,"column":55}},{"start":{"line":79,"column":58},"end":{"line":79,"column":73}}],"line":79},"15":{"loc":{"start":{"line":88,"column":37},"end":{"line":88,"column":66}},"type":"default-arg","locations":[{"start":{"line":88,"column":64},"end":{"line":88,"column":66}}],"line":88},"16":{"loc":{"start":{"line":88,"column":39},"end":{"line":88,"column":59}},"type":"default-arg","locations":[{"start":{"line":88,"column":54},"end":{"line":88,"column":59}}],"line":88},"17":{"loc":{"start":{"line":92,"column":10},"end":{"line":100,"column":12}},"type":"cond-expr","locations":[{"start":{"line":93,"column":10},"end":{"line":99,"column":11}},{"start":{"line":100,"column":10},"end":{"line":100,"column":12}}],"line":92}},"s":{"0":4,"1":4,"2":4,"3":1,"4":0,"5":1,"6":2,"7":1,"8":1,"9":1,"10":1,"11":1,"12":1,"13":1,"14":1,"15":1,"16":0,"17":2,"18":2,"19":1,"20":1,"21":1,"22":1,"23":0,"24":0,"25":0,"26":1,"27":1,"28":1,"29":1,"30":1,"31":1,"32":1,"33":1,"34":0},"f":{"0":1,"1":2,"2":1,"3":1,"4":1,"5":2,"6":0},"b":{"0":[0,1],"1":[1,0],"2":[2,0],"3":[0,0],"4":[1],"5":[1,0],"6":[1,0,0],"7":[1,1],"8":[1,0],"9":[1,0],"10":[2,0],"11":[1,1],"12":[0,1],"13":[1,0],"14":[0,1],"15":[0],"16":[0],"17":[0,0]},"inputSourceMap":null,"_coverageSchema":"1a1c01bbd47fc00a2c39e90264f33305004495a9","hash":"8e5880fc37800609d6e6df06954603576d6b89f4"}
,"/Users/intelekia/Desktop/bot-invitations/backend/src/services/whatsapp.adapter.js": {"path":"/Users/intelekia/Desktop/bot-invitations/backend/src/services/whatsapp.adapter.js","statementMap":{"0":{"start":{"line":13,"column":4},"end":{"line":13,"column":86}},"1":{"start":{"line":14,"column":4},"end":{"line":19,"column":6}},"2":{"start":{"line":24,"column":2},"end":{"line":24,"column":36}}},"fnMap":{"0":{"name":"(anonymous_0)","decl":{"start":{"line":12,"column":2},"end":{"line":12,"column":3}},"loc":{"start":{"line":12,"column":30},"end":{"line":20,"column":3}},"line":12},"1":{"name":"createWhatsAppProvider","decl":{"start":{"line":23,"column":16},"end":{"line":23,"column":38}},"loc":{"start":{"line":23,"column":41},"end":{"line":25,"column":1}},"line":23}},"branchMap":{},"s":{"0":1,"1":1,"2":1},"f":{"0":1,"1":1},"b":{},"inputSourceMap":null,"_coverageSchema":"1a1c01bbd47fc00a2c39e90264f33305004495a9","hash":"4e2fcb7f3dcadf364ca7136ff61e1bf49cd09830"}
}
