TN:
SF:src/controllers/admin.controller.js
FN:7,ensureAdmin
FN:32,serializeClient
FN:50,(anonymous_2)
FN:62,(anonymous_3)
FN:63,(anonymous_4)
FN:74,(anonymous_5)
FN:91,(anonymous_6)
FN:95,(anonymous_7)
FN:99,(anonymous_8)
FN:105,(anonymous_9)
FN:111,(anonymous_10)
FN:120,(anonymous_11)
FN:137,(anonymous_12)
FN:142,(anonymous_13)
FN:147,(anonymous_14)
FNF:15
FNH:8
FNDA:1,ensureAdmin
FNDA:0,serializeClient
FNDA:1,(anonymous_2)
FNDA:1,(anonymous_3)
FNDA:1,(anonymous_4)
FNDA:1,(anonymous_5)
FNDA:0,(anonymous_6)
FNDA:0,(anonymous_7)
FNDA:0,(anonymous_8)
FNDA:0,(anonymous_9)
FNDA:0,(anonymous_10)
FNDA:1,(anonymous_11)
FNDA:0,(anonymous_12)
FNDA:1,(anonymous_13)
FNDA:1,(anonymous_14)
DA:8,1
DA:11,1
DA:12,1
DA:13,1
DA:14,1
DA:22,1
DA:23,1
DA:25,0
DA:26,0
DA:27,0
DA:29,0
DA:33,0
DA:50,6
DA:51,1
DA:58,1
DA:62,1
DA:63,1
DA:64,1
DA:74,6
DA:75,1
DA:76,1
DA:77,1
DA:78,0
DA:86,1
DA:91,1
DA:92,1
DA:95,1
DA:96,1
DA:99,1
DA:100,1
DA:101,1
DA:102,0
DA:103,0
DA:105,1
DA:106,1
DA:107,0
DA:108,0
DA:110,1
DA:112,0
DA:120,6
DA:121,1
DA:122,1
DA:123,0
DA:124,0
DA:125,0
DA:126,0
DA:127,0
DA:129,0
DA:130,0
DA:132,0
DA:133,0
DA:134,0
DA:135,0
DA:136,0
DA:137,0
DA:139,0
DA:142,6
DA:143,1
DA:144,1
DA:147,6
DA:148,1
DA:149,1
DA:150,0
DA:151,0
DA:152,0
DA:153,0
DA:154,0
DA:157,0
DA:160,0
DA:161,0
DA:162,0
DA:163,0
DA:165,0
LF:73
LH:37
BRDA:8,0,0,1
BRDA:8,0,1,1
BRDA:11,1,0,1
BRDA:11,1,1,1
BRDA:13,2,0,1
BRDA:13,2,1,0
BRDA:25,3,0,0
BRDA:25,3,1,0
BRDA:32,4,0,0
BRDA:37,5,0,0
BRDA:37,5,1,0
BRDA:38,6,0,0
BRDA:38,6,1,0
BRDA:39,7,0,0
BRDA:39,7,1,0
BRDA:44,8,0,0
BRDA:44,8,1,0
BRDA:45,9,0,0
BRDA:45,9,1,0
BRDA:46,10,0,0
BRDA:46,10,1,0
BRDA:63,11,0,1
BRDA:63,11,1,0
BRDA:75,12,0,1
BRDA:75,12,1,1
BRDA:77,13,0,0
BRDA:77,13,1,1
BRDA:92,14,0,0
BRDA:92,14,1,1
BRDA:96,15,0,0
BRDA:96,15,1,1
BRDA:102,16,0,0
BRDA:102,16,1,0
BRDA:108,17,0,0
BRDA:108,17,1,0
BRDA:108,18,0,0
BRDA:108,18,1,0
BRDA:108,19,0,0
BRDA:108,19,1,0
BRDA:113,20,0,0
BRDA:113,20,1,0
BRDA:114,21,0,0
BRDA:114,21,1,0
BRDA:122,22,0,1
BRDA:122,22,1,0
BRDA:122,23,0,1
BRDA:122,23,1,1
BRDA:123,24,0,0
BRDA:123,24,1,0
BRDA:124,25,0,0
BRDA:124,25,1,0
BRDA:126,26,0,0
BRDA:126,26,1,0
BRDA:129,27,0,0
BRDA:129,27,1,0
BRDA:129,28,0,0
BRDA:129,28,1,0
BRDA:136,29,0,0
BRDA:136,29,1,0
BRDA:137,30,0,0
BRDA:137,30,1,0
BRDA:149,31,0,1
BRDA:149,31,1,0
BRDA:154,32,0,0
BRDA:154,32,1,0
BRDA:157,33,0,0
BRDA:157,33,1,0
BRDA:157,33,2,0
BRDA:157,33,3,0
BRDA:162,34,0,0
BRDA:162,34,1,0
BRF:71
BRH:15
end_of_record
TN:
SF:src/controllers/analytics.controller.js
FN:8,(anonymous_0)
FN:13,(anonymous_1)
FN:20,(anonymous_2)
FN:32,(anonymous_3)
FN:41,(anonymous_4)
FN:42,(anonymous_5)
FNF:6
FNH:3
FNDA:1,(anonymous_0)
FNDA:0,(anonymous_1)
FNDA:1,(anonymous_2)
FNDA:0,(anonymous_3)
FNDA:1,(anonymous_4)
FNDA:0,(anonymous_5)
DA:8,2
DA:9,1
DA:10,1
DA:11,1
DA:12,1
DA:13,1
DA:14,1
DA:17,1
DA:20,2
DA:21,1
DA:22,1
DA:23,1
DA:24,0
DA:25,0
DA:26,0
DA:27,0
DA:32,0
DA:34,1
DA:39,1
DA:40,1
DA:41,1
DA:42,1
LF:22
LH:17
BRDA:10,0,0,0
BRDA:10,0,1,1
BRDA:14,1,0,0
BRDA:14,1,1,1
BRDA:22,2,0,0
BRDA:22,2,1,1
BRDA:23,3,0,0
BRDA:23,3,1,1
BRDA:25,4,0,0
BRDA:25,4,1,0
BRDA:30,5,0,0
BRDA:30,5,1,0
BRDA:35,6,0,1
BRDA:35,6,1,0
BRDA:37,7,0,1
BRDA:37,7,1,1
BRDA:40,8,0,1
BRDA:40,8,1,0
BRF:18
BRH:8
end_of_record
TN:
SF:src/controllers/auth.controller.js
FN:18,userWithPlan
FN:28,cookieOpts
FN:38,issueTokens
FN:51,(anonymous_3)
FN:56,(anonymous_4)
FN:97,(anonymous_5)
FN:107,(anonymous_6)
FN:111,(anonymous_7)
FN:116,(anonymous_8)
FN:135,(anonymous_9)
FN:144,(anonymous_10)
FN:160,(anonymous_11)
FNF:12
FNH:12
FNDA:4,userWithPlan
FNDA:2,cookieOpts
FNDA:2,issueTokens
FNDA:1,(anonymous_3)
FNDA:2,(anonymous_4)
FNDA:2,(anonymous_5)
FNDA:1,(anonymous_6)
FNDA:1,(anonymous_7)
FNDA:1,(anonymous_8)
FNDA:1,(anonymous_9)
FNDA:1,(anonymous_10)
FNDA:1,(anonymous_11)
DA:19,4
DA:20,4
DA:21,4
DA:22,4
DA:23,4
DA:29,2
DA:39,2
DA:40,2
DA:41,2
DA:42,2
DA:47,2
DA:48,2
DA:51,11
DA:52,1
DA:53,1
DA:56,11
DA:57,2
DA:58,2
DA:59,2
DA:60,1
DA:62,1
DA:63,0
DA:65,1
DA:66,1
DA:67,1
DA:68,1
DA:69,1
DA:70,1
DA:82,1
DA:83,1
DA:84,1
DA:85,0
DA:86,0
DA:87,0
DA:88,0
DA:94,1
DA:97,11
DA:98,2
DA:99,2
DA:100,2
DA:101,1
DA:103,1
DA:104,1
DA:107,11
DA:108,1
DA:111,11
DA:112,1
DA:113,1
DA:116,11
DA:117,1
DA:118,1
DA:120,0
DA:121,0
DA:123,0
DA:125,0
DA:128,0
DA:129,0
DA:130,0
DA:131,0
DA:132,0
DA:135,11
DA:136,1
DA:137,1
DA:138,0
DA:140,1
DA:141,1
DA:144,11
DA:145,1
DA:146,1
DA:147,1
DA:148,0
DA:149,0
DA:154,0
DA:155,0
DA:157,1
DA:160,11
DA:161,1
DA:162,1
DA:163,1
DA:165,0
DA:166,0
DA:167,0
DA:168,0
DA:169,0
DA:170,0
DA:171,0
DA:172,0
DA:173,0
LF:88
LH:60
BRDA:20,0,0,4
BRDA:20,0,1,0
BRDA:24,1,0,0
BRDA:24,1,1,4
BRDA:38,2,0,0
BRDA:39,3,0,0
BRDA:39,3,1,2
BRDA:57,4,0,2
BRDA:57,4,1,0
BRDA:58,5,0,0
BRDA:58,5,1,2
BRDA:59,6,0,1
BRDA:59,6,1,1
BRDA:59,7,0,2
BRDA:59,7,1,1
BRDA:59,7,2,1
BRDA:59,7,3,1
BRDA:62,8,0,0
BRDA:62,8,1,1
BRDA:62,9,0,1
BRDA:62,9,1,1
BRDA:62,9,2,1
BRDA:65,10,0,0
BRDA:65,10,1,1
BRDA:67,11,0,0
BRDA:67,11,1,1
BRDA:69,12,0,0
BRDA:69,12,1,1
BRDA:80,13,0,0
BRDA:80,13,1,1
BRDA:84,14,0,0
BRDA:84,14,1,1
BRDA:87,15,0,0
BRDA:87,15,1,0
BRDA:98,16,0,2
BRDA:98,16,1,0
BRDA:99,17,0,2
BRDA:99,17,1,0
BRDA:100,18,0,1
BRDA:100,18,1,1
BRDA:100,19,0,2
BRDA:100,19,1,1
BRDA:100,20,0,1
BRDA:100,20,1,0
BRDA:117,21,0,1
BRDA:117,21,1,1
BRDA:118,22,0,1
BRDA:118,22,1,0
BRDA:128,23,0,0
BRDA:128,23,1,0
BRDA:128,24,0,0
BRDA:128,24,1,0
BRDA:130,25,0,0
BRDA:130,25,1,0
BRDA:136,26,0,1
BRDA:136,26,1,1
BRDA:137,27,0,0
BRDA:137,27,1,1
BRDA:145,28,0,1
BRDA:145,28,1,0
BRDA:147,29,0,0
BRDA:147,29,1,1
BRDA:161,30,0,1
BRDA:161,30,1,0
BRDA:162,31,0,1
BRDA:162,31,1,0
BRDA:162,32,0,1
BRDA:162,32,1,0
BRDA:162,32,2,0
BRDA:166,33,0,0
BRDA:166,33,1,0
BRDA:166,34,0,0
BRDA:166,34,1,0
BRDA:168,35,0,0
BRDA:168,35,1,0
BRF:75
BRH:38
end_of_record
TN:
SF:src/controllers/billing.controller.js
FN:13,(anonymous_0)
FN:35,(anonymous_1)
FN:47,(anonymous_2)
FN:52,(anonymous_3)
FNF:4
FNH:4
FNDA:2,(anonymous_0)
FNDA:2,(anonymous_1)
FNDA:1,(anonymous_2)
FNDA:1,(anonymous_3)
DA:13,6
DA:14,2
DA:15,2
DA:16,0
DA:18,2
DA:20,2
DA:21,2
DA:23,1
DA:24,1
DA:26,1
DA:27,1
DA:28,1
DA:30,0
DA:31,0
DA:35,6
DA:36,2
DA:37,2
DA:38,2
DA:39,1
DA:44,1
DA:47,6
DA:48,1
DA:49,1
DA:52,6
DA:53,1
DA:54,1
DA:55,0
LF:27
LH:23
BRDA:15,0,0,0
BRDA:15,0,1,2
BRDA:15,1,0,2
BRDA:15,1,1,2
BRDA:36,2,0,0
BRDA:36,2,1,2
BRDA:38,3,0,1
BRDA:38,3,1,1
BRDA:42,4,0,0
BRDA:42,4,1,1
BRDA:53,5,0,1
BRDA:53,5,1,1
BRDA:54,6,0,1
BRDA:54,6,1,0
BRF:14
BRH:10
end_of_record
TN:
SF:src/controllers/cancellation.controller.js
FN:11,(anonymous_0)
FN:16,(anonymous_1)
FN:21,(anonymous_2)
FN:26,(anonymous_3)
FN:38,(anonymous_4)
FN:43,(anonymous_5)
FN:50,(anonymous_6)
FNF:7
FNH:4
FNDA:1,(anonymous_0)
FNDA:2,(anonymous_1)
FNDA:0,(anonymous_2)
FNDA:0,(anonymous_3)
FNDA:1,(anonymous_4)
FNDA:1,(anonymous_5)
FNDA:0,(anonymous_6)
DA:11,5
DA:12,1
DA:13,1
DA:16,5
DA:17,2
DA:18,1
DA:21,5
DA:22,0
DA:23,0
DA:26,5
DA:27,0
DA:28,0
DA:29,0
DA:30,0
DA:35,0
DA:38,5
DA:39,1
DA:40,1
DA:43,5
DA:44,1
DA:45,1
DA:46,0
DA:47,0
DA:50,5
DA:51,0
DA:52,0
DA:53,0
DA:54,0
LF:28
LH:15
BRDA:13,0,0,0
BRDA:13,0,1,1
BRDA:27,1,0,0
BRDA:27,1,1,0
BRDA:29,2,0,0
BRDA:29,2,1,0
BRDA:29,3,0,0
BRDA:29,3,1,0
BRDA:45,4,0,1
BRDA:45,4,1,0
BRDA:52,5,0,0
BRDA:52,5,1,0
BRF:12
BRH:2
end_of_record
TN:
SF:src/controllers/conversations.controller.js
FN:17,accessibleConversation
FN:25,(anonymous_1)
FN:33,(anonymous_2)
FN:36,(anonymous_3)
FN:49,(anonymous_4)
FN:79,(anonymous_5)
FN:127,(anonymous_6)
FNF:7
FNH:7
FNDA:2,accessibleConversation
FNDA:1,(anonymous_1)
FNDA:1,(anonymous_2)
FNDA:1,(anonymous_3)
FNDA:1,(anonymous_4)
FNDA:1,(anonymous_5)
FNDA:1,(anonymous_6)
DA:18,2
DA:19,2
DA:20,2
DA:21,1
DA:22,1
DA:25,4
DA:26,1
DA:27,1
DA:28,1
DA:33,1
DA:36,4
DA:37,1
DA:38,1
DA:39,0
DA:40,0
DA:41,0
DA:42,0
DA:46,0
DA:49,4
DA:50,1
DA:51,1
DA:52,1
DA:53,1
DA:54,1
DA:55,0
DA:56,0
DA:62,0
DA:63,0
DA:64,0
DA:65,0
DA:66,0
DA:67,0
DA:68,0
DA:76,0
DA:79,4
DA:80,1
DA:81,1
DA:82,1
DA:83,1
DA:84,1
DA:85,1
DA:86,1
DA:87,1
DA:96,1
DA:97,1
DA:98,1
DA:99,1
DA:100,1
DA:102,1
DA:103,1
DA:104,1
DA:111,1
DA:117,1
DA:125,1
DA:126,1
DA:127,1
LF:56
LH:41
BRDA:20,0,0,1
BRDA:20,0,1,1
BRDA:27,1,0,0
BRDA:27,1,1,1
BRDA:33,2,0,1
BRDA:33,2,1,0
BRDA:38,3,0,1
BRDA:38,3,1,0
BRDA:39,4,0,0
BRDA:39,4,1,0
BRDA:40,5,0,0
BRDA:40,5,1,0
BRDA:40,6,0,0
BRDA:40,6,1,0
BRDA:51,7,0,0
BRDA:51,7,1,1
BRDA:53,8,0,1
BRDA:53,8,1,0
BRDA:54,9,0,1
BRDA:54,9,1,0
BRDA:55,10,0,0
BRDA:55,10,1,0
BRDA:55,11,0,0
BRDA:55,11,1,0
BRDA:58,12,0,0
BRDA:58,12,1,0
BRDA:65,13,0,0
BRDA:65,13,1,0
BRDA:65,14,0,0
BRDA:65,14,1,0
BRDA:81,15,0,0
BRDA:81,15,1,1
BRDA:87,16,0,1
BRDA:87,16,1,0
BRDA:88,17,0,1
BRDA:88,17,1,0
BRDA:103,18,0,1
BRDA:103,18,1,0
BRDA:125,19,0,1
BRDA:125,19,1,0
BRF:40
BRH:13
end_of_record
TN:
SF:src/controllers/event-data.controller.js
FN:6,(anonymous_0)
FN:13,(anonymous_1)
FN:35,(anonymous_2)
FN:42,(anonymous_3)
FN:53,(anonymous_4)
FN:60,(anonymous_5)
FNF:6
FNH:5
FNDA:1,(anonymous_0)
FNDA:1,(anonymous_1)
FNDA:1,(anonymous_2)
FNDA:0,(anonymous_3)
FNDA:1,(anonymous_4)
FNDA:1,(anonymous_5)
DA:6,4
DA:7,1
DA:8,1
DA:9,1
DA:10,1
DA:13,4
DA:14,1
DA:15,1
DA:16,1
DA:17,1
DA:18,0
DA:28,0
DA:29,0
DA:31,0
DA:32,0
DA:35,4
DA:36,1
DA:37,1
DA:38,1
DA:39,1
DA:40,0
DA:41,0
DA:42,0
DA:50,0
DA:53,4
DA:54,1
DA:55,1
DA:56,1
DA:57,1
DA:58,1
DA:59,1
DA:60,1
DA:67,1
LF:33
LH:24
BRDA:8,0,0,0
BRDA:8,0,1,1
BRDA:10,1,0,0
BRDA:10,1,1,1
BRDA:15,2,0,0
BRDA:15,2,1,1
BRDA:17,3,0,1
BRDA:17,3,1,0
BRDA:29,4,0,0
BRDA:29,4,1,0
BRDA:37,5,0,0
BRDA:37,5,1,1
BRDA:38,6,0,0
BRDA:38,6,1,1
BRDA:39,7,0,1
BRDA:39,7,1,0
BRDA:43,8,0,0
BRDA:43,8,1,0
BRDA:43,9,0,0
BRDA:43,9,1,0
BRDA:55,10,0,0
BRDA:55,10,1,1
BRDA:56,11,0,1
BRDA:56,11,1,0
BRDA:57,12,0,0
BRDA:57,12,1,1
BRDA:61,13,0,0
BRDA:61,13,1,1
BRDA:61,14,0,1
BRDA:61,14,1,0
BRF:30
BRH:12
end_of_record
TN:
SF:src/controllers/events.controller.js
FN:14,sanitizeCover
FN:30,uniqueSlug
FN:39,(anonymous_2)
FN:47,(anonymous_3)
FN:71,(anonymous_4)
FN:77,(anonymous_5)
FN:101,(anonymous_6)
FN:113,(anonymous_7)
FNF:8
FNH:7
FNDA:1,sanitizeCover
FNDA:1,uniqueSlug
FNDA:1,(anonymous_2)
FNDA:2,(anonymous_3)
FNDA:1,(anonymous_4)
FNDA:1,(anonymous_5)
FNDA:1,(anonymous_6)
FNDA:0,(anonymous_7)
DA:12,6
DA:15,1
DA:16,1
DA:17,0
DA:18,0
DA:19,0
DA:20,0
DA:23,0
DA:26,0
DA:27,0
DA:31,1
DA:32,1
DA:33,1
DA:34,0
DA:36,1
DA:39,6
DA:40,1
DA:41,1
DA:44,1
DA:47,6
DA:48,2
DA:49,1
DA:50,1
DA:51,1
DA:66,1
DA:67,1
DA:68,1
DA:71,6
DA:72,1
DA:73,1
DA:74,0
DA:77,6
DA:78,1
DA:79,1
DA:80,1
DA:93,1
DA:94,11
DA:95,1
DA:97,1
DA:98,1
DA:101,6
DA:102,1
DA:103,1
DA:104,1
DA:105,1
DA:106,1
DA:107,0
DA:112,1
DA:113,1
LF:49
LH:39
BRDA:15,0,0,1
BRDA:15,0,1,1
BRDA:16,1,0,1
BRDA:16,1,1,0
BRDA:17,2,0,0
BRDA:17,2,1,0
BRDA:23,3,0,0
BRDA:23,3,1,0
BRDA:23,3,2,0
BRDA:26,4,0,0
BRDA:26,4,1,0
BRDA:41,5,0,1
BRDA:41,5,1,0
BRDA:49,6,0,1
BRDA:49,6,1,0
BRDA:50,7,0,1
BRDA:50,7,1,1
BRDA:50,7,2,1
BRDA:50,7,3,0
BRDA:54,8,0,1
BRDA:54,8,1,0
BRDA:55,9,0,1
BRDA:55,9,1,1
BRDA:55,10,0,1
BRDA:55,10,1,0
BRDA:56,11,0,1
BRDA:56,11,1,1
BRDA:57,12,0,1
BRDA:57,12,1,1
BRDA:58,13,0,1
BRDA:58,13,1,1
BRDA:59,14,0,1
BRDA:59,14,1,1
BRDA:60,15,0,1
BRDA:60,15,1,1
BRDA:61,16,0,1
BRDA:61,16,1,1
BRDA:62,17,0,1
BRDA:62,17,1,1
BRDA:64,18,0,1
BRDA:64,18,1,1
BRDA:73,19,0,1
BRDA:73,19,1,0
BRDA:79,20,0,0
BRDA:79,20,1,1
BRDA:94,21,0,10
BRDA:94,21,1,1
BRDA:95,22,0,0
BRDA:95,22,1,1
BRDA:103,23,0,0
BRDA:103,23,1,1
BRDA:105,24,0,1
BRDA:105,24,1,0
BRDA:105,25,0,1
BRDA:105,25,1,1
BRDA:106,26,0,0
BRDA:106,26,1,1
BRF:57
BRH:38
end_of_record
TN:
SF:src/controllers/finance.controller.js
FN:4,(anonymous_0)
FNF:1
FNH:1
FNDA:1,(anonymous_0)
DA:4,1
DA:5,1
LF:2
LH:2
BRF:0
BRH:0
end_of_record
TN:
SF:src/controllers/guests.controller.js
FN:11,findGuestForUser
FN:20,(anonymous_1)
FN:43,(anonymous_2)
FN:81,(anonymous_3)
FN:100,(anonymous_4)
FN:113,(anonymous_5)
FN:120,(anonymous_6)
FN:121,(anonymous_7)
FN:122,(anonymous_8)
FN:146,(anonymous_9)
FN:150,(anonymous_10)
FN:159,(anonymous_11)
FN:165,(anonymous_12)
FN:171,sendExport
FNF:14
FNH:7
FNDA:1,findGuestForUser
FNDA:2,(anonymous_1)
FNDA:1,(anonymous_2)
FNDA:0,(anonymous_3)
FNDA:1,(anonymous_4)
FNDA:1,(anonymous_5)
FNDA:0,(anonymous_6)
FNDA:0,(anonymous_7)
FNDA:0,(anonymous_8)
FNDA:0,(anonymous_9)
FNDA:1,(anonymous_10)
FNDA:0,(anonymous_11)
FNDA:0,(anonymous_12)
FNDA:1,sendExport
DA:12,1
DA:13,1
DA:14,1
DA:15,1
DA:16,0
DA:17,0
DA:20,6
DA:21,2
DA:22,2
DA:23,2
DA:24,2
DA:25,1
DA:26,1
DA:40,1
DA:43,6
DA:44,1
DA:45,1
DA:46,0
DA:63,0
DA:64,0
DA:65,0
DA:66,0
DA:68,0
DA:69,0
DA:71,0
DA:72,0
DA:74,0
DA:75,0
DA:76,0
DA:78,0
DA:81,6
DA:82,0
DA:83,0
DA:84,0
DA:85,0
DA:86,0
DA:87,0
DA:88,0
DA:89,0
DA:90,0
DA:96,0
DA:97,0
DA:100,6
DA:101,1
DA:102,1
DA:103,1
DA:104,0
DA:105,0
DA:113,6
DA:114,1
DA:115,1
DA:116,1
DA:117,1
DA:118,0
DA:119,0
DA:120,0
DA:121,0
DA:122,0
DA:123,0
DA:124,0
DA:125,0
DA:126,0
DA:127,0
DA:128,0
DA:129,0
DA:130,0
DA:132,0
DA:133,0
DA:142,0
DA:143,0
DA:146,0
DA:150,6
DA:151,1
DA:152,1
DA:153,1
DA:154,1
DA:155,1
DA:156,1
DA:159,6
DA:160,0
DA:161,0
DA:162,0
DA:163,0
DA:164,0
DA:165,0
DA:168,0
DA:172,1
DA:173,1
DA:174,1
DA:175,1
DA:176,1
DA:178,0
DA:179,0
DA:180,0
DA:181,0
DA:182,0
DA:184,0
DA:185,0
DA:186,0
DA:187,0
LF:100
LH:38
BRDA:13,0,0,0
BRDA:13,0,1,1
BRDA:15,1,0,1
BRDA:15,1,1,0
BRDA:22,2,0,0
BRDA:22,2,1,2
BRDA:23,3,0,2
BRDA:23,3,1,0
BRDA:24,4,0,1
BRDA:24,4,1,1
BRDA:24,5,0,2
BRDA:24,5,1,2
BRDA:25,6,0,1
BRDA:25,6,1,0
BRDA:30,7,0,1
BRDA:30,7,1,0
BRDA:31,8,0,1
BRDA:31,8,1,1
BRDA:32,9,0,1
BRDA:32,9,1,1
BRDA:33,10,0,1
BRDA:33,10,1,1
BRDA:34,11,0,1
BRDA:34,11,1,1
BRDA:35,12,0,1
BRDA:35,12,1,1
BRDA:36,13,0,1
BRDA:36,13,1,1
BRDA:37,14,0,1
BRDA:37,14,1,1
BRDA:38,15,0,1
BRDA:38,15,1,1
BRDA:45,16,0,1
BRDA:45,16,1,0
BRDA:63,17,0,0
BRDA:63,17,1,0
BRDA:64,18,0,0
BRDA:64,18,1,0
BRDA:65,19,0,0
BRDA:65,19,1,0
BRDA:66,20,0,0
BRDA:66,20,1,0
BRDA:69,21,0,0
BRDA:69,21,1,0
BRDA:71,22,0,0
BRDA:71,22,1,0
BRDA:71,23,0,0
BRDA:71,23,1,0
BRDA:75,24,0,0
BRDA:75,24,1,0
BRDA:83,25,0,0
BRDA:83,25,1,0
BRDA:85,26,0,0
BRDA:85,26,1,0
BRDA:88,27,0,0
BRDA:88,27,1,0
BRDA:102,28,0,0
BRDA:102,28,1,1
BRDA:103,29,0,1
BRDA:103,29,1,0
BRDA:115,30,0,0
BRDA:115,30,1,1
BRDA:116,31,0,1
BRDA:116,31,1,0
BRDA:117,32,0,1
BRDA:117,32,1,0
BRDA:117,33,0,1
BRDA:117,33,1,0
BRDA:117,33,2,0
BRDA:122,34,0,0
BRDA:122,34,1,0
BRDA:128,35,0,0
BRDA:128,35,1,0
BRDA:152,36,0,0
BRDA:152,36,1,1
BRDA:153,37,0,1
BRDA:153,37,1,0
BRDA:161,38,0,0
BRDA:161,38,1,0
BRDA:162,39,0,0
BRDA:162,39,1,0
BRDA:172,40,0,1
BRDA:172,40,1,0
BRDA:178,41,0,0
BRDA:178,41,1,0
BRF:85
BRH:36
end_of_record
TN:
SF:src/controllers/help.controller.js
FN:4,(anonymous_0)
FN:8,(anonymous_1)
FNF:2
FNH:2
FNDA:1,(anonymous_0)
FNDA:2,(anonymous_1)
DA:4,3
DA:5,1
DA:8,3
DA:9,2
DA:10,2
DA:11,1
DA:13,1
LF:7
LH:7
BRDA:9,0,0,2
BRDA:9,0,1,0
BRDA:10,1,0,1
BRDA:10,1,1,1
BRF:4
BRH:3
end_of_record
TN:
SF:src/controllers/support.controller.js
FN:14,preview
FN:20,(anonymous_1)
FN:28,(anonymous_2)
FN:35,(anonymous_3)
FN:57,(anonymous_4)
FN:65,(anonymous_5)
FN:78,(anonymous_6)
FN:91,(anonymous_7)
FN:106,(anonymous_8)
FN:114,(anonymous_9)
FN:121,(anonymous_10)
FN:127,(anonymous_11)
FN:138,(anonymous_12)
FNF:13
FNH:4
FNDA:0,preview
FNDA:0,(anonymous_1)
FNDA:0,(anonymous_2)
FNDA:2,(anonymous_3)
FNDA:1,(anonymous_4)
FNDA:0,(anonymous_5)
FNDA:0,(anonymous_6)
FNDA:0,(anonymous_7)
FNDA:0,(anonymous_8)
FNDA:1,(anonymous_9)
FNDA:0,(anonymous_10)
FNDA:1,(anonymous_11)
FNDA:0,(anonymous_12)
DA:15,0
DA:16,0
DA:17,0
DA:20,5
DA:21,0
DA:25,0
DA:28,5
DA:29,0
DA:32,0
DA:35,5
DA:36,2
DA:37,2
DA:38,2
DA:39,2
DA:40,2
DA:41,1
DA:42,1
DA:52,1
DA:53,1
DA:54,1
DA:57,5
DA:58,1
DA:59,1
DA:60,1
DA:62,0
DA:65,5
DA:66,0
DA:67,0
DA:68,0
DA:70,0
DA:71,0
DA:73,0
DA:74,0
DA:75,0
DA:78,5
DA:79,0
DA:80,0
DA:81,0
DA:83,0
DA:84,0
DA:86,0
DA:87,0
DA:88,0
DA:91,5
DA:92,0
DA:93,0
DA:94,0
DA:95,0
DA:96,0
DA:97,0
DA:105,0
DA:107,0
DA:108,0
DA:111,0
DA:114,5
DA:115,1
DA:118,1
DA:121,5
DA:122,0
DA:123,0
DA:124,0
DA:127,5
DA:128,1
DA:129,1
DA:130,0
DA:131,0
DA:133,0
DA:134,0
DA:135,0
DA:138,5
DA:139,0
DA:140,0
DA:141,0
DA:142,0
DA:143,0
DA:144,0
LF:76
LH:28
BRDA:36,0,0,2
BRDA:36,0,1,0
BRDA:37,1,0,2
BRDA:37,1,1,0
BRDA:38,2,0,0
BRDA:38,2,1,2
BRDA:39,3,0,0
BRDA:39,3,1,2
BRDA:40,4,0,1
BRDA:40,4,1,1
BRDA:41,5,0,0
BRDA:41,5,1,1
BRDA:59,6,0,1
BRDA:59,6,1,0
BRDA:59,7,0,1
BRDA:59,7,1,1
BRDA:67,8,0,0
BRDA:67,8,1,0
BRDA:67,9,0,0
BRDA:67,9,1,0
BRDA:70,10,0,0
BRDA:70,10,1,0
BRDA:80,11,0,0
BRDA:80,11,1,0
BRDA:80,12,0,0
BRDA:80,12,1,0
BRDA:83,13,0,0
BRDA:83,13,1,0
BRDA:92,14,0,0
BRDA:92,14,1,0
BRDA:93,15,0,0
BRDA:93,15,1,0
BRDA:95,16,0,0
BRDA:95,16,1,0
BRDA:96,17,0,0
BRDA:96,17,1,0
BRDA:105,18,0,0
BRDA:105,18,1,0
BRDA:107,19,0,0
BRDA:107,19,1,0
BRDA:107,20,0,0
BRDA:107,20,1,0
BRDA:107,21,0,0
BRDA:107,21,1,0
BRDA:123,22,0,0
BRDA:123,22,1,0
BRDA:129,23,0,1
BRDA:129,23,1,0
BRDA:130,24,0,0
BRDA:130,24,1,0
BRDA:140,25,0,0
BRDA:140,25,1,0
BRDA:141,26,0,0
BRDA:141,26,1,0
BRDA:142,27,0,0
BRDA:142,27,1,0
BRF:56
BRH:11
end_of_record
TN:
SF:src/controllers/team.controller.js
FN:7,(anonymous_0)
FN:14,(anonymous_1)
FN:29,(anonymous_2)
FN:44,(anonymous_3)
FN:53,(anonymous_4)
FN:60,(anonymous_5)
FNF:6
FNH:4
FNDA:1,(anonymous_0)
FNDA:1,(anonymous_1)
FNDA:0,(anonymous_2)
FNDA:1,(anonymous_3)
FNDA:0,(anonymous_4)
FNDA:1,(anonymous_5)
DA:7,4
DA:8,1
DA:9,1
DA:10,1
DA:11,1
DA:14,4
DA:15,1
DA:16,1
DA:17,1
DA:18,1
DA:19,0
DA:26,0
DA:29,4
DA:30,0
DA:31,0
DA:32,0
DA:33,0
DA:34,0
DA:35,0
DA:36,0
DA:38,0
DA:39,0
DA:40,0
DA:41,0
DA:44,4
DA:45,1
DA:46,1
DA:47,1
DA:48,1
DA:49,0
DA:50,0
DA:53,4
DA:54,0
DA:55,0
DA:56,0
DA:57,0
DA:60,4
DA:61,1
DA:62,1
DA:63,1
DA:66,1
DA:67,1
DA:68,1
DA:69,1
LF:44
LH:25
BRDA:9,0,0,0
BRDA:9,0,1,1
BRDA:16,1,0,0
BRDA:16,1,1,1
BRDA:17,2,0,1
BRDA:17,2,1,0
BRDA:18,3,0,1
BRDA:18,3,1,0
BRDA:22,4,0,0
BRDA:22,4,1,0
BRDA:23,5,0,0
BRDA:23,5,1,0
BRDA:31,6,0,0
BRDA:31,6,1,0
BRDA:33,7,0,0
BRDA:33,7,1,0
BRDA:34,8,0,0
BRDA:34,8,1,0
BRDA:38,9,0,0
BRDA:38,9,1,0
BRDA:39,10,0,0
BRDA:39,10,1,0
BRDA:46,11,0,0
BRDA:46,11,1,1
BRDA:48,12,0,1
BRDA:48,12,1,0
BRDA:55,13,0,0
BRDA:55,13,1,0
BRDA:62,14,0,0
BRDA:62,14,1,1
BRDA:66,15,0,0
BRDA:66,15,1,1
BRDA:67,16,0,1
BRDA:67,16,1,0
BRF:34
BRH:9
end_of_record
TN:
SF:src/services/access.service.js
FN:4,userEventIds
FN:7,(anonymous_1)
FN:7,(anonymous_2)
FN:10,findAccessibleEvent
FN:20,requireEvent
FNF:5
FNH:5
FNDA:5,userEventIds
FNDA:3,(anonymous_1)
FNDA:2,(anonymous_2)
FNDA:2,findAccessibleEvent
FNDA:2,requireEvent
DA:5,5
DA:6,5
DA:7,5
DA:11,2
DA:12,2
DA:13,1
DA:21,2
DA:22,2
DA:23,1
DA:24,1
DA:26,1
LF:11
LH:11
BRDA:12,0,0,1
BRDA:12,0,1,1
BRDA:22,1,0,1
BRDA:22,1,1,1
BRF:4
BRH:4
end_of_record
TN:
SF:src/services/activity.service.js
FN:3,logActivity
FNF:1
FNH:1
FNDA:1,logActivity
DA:4,1
LF:1
LH:1
BRDA:3,0,0,0
BRF:1
BRH:0
end_of_record
TN:
SF:src/services/cancellation.service.js
FN:4,serializeCancellation
FN:30,getLatestCancellation
FN:37,getPendingCancellation
FN:44,requestCancellation
FN:74,withdrawCancellation
FN:87,decideCancellation
FN:117,markOpenCancellationsFromStripe
FNF:7
FNH:4
FNDA:0,serializeCancellation
FNDA:0,getLatestCancellation
FNDA:2,getPendingCancellation
FNDA:2,requestCancellation
FNDA:1,withdrawCancellation
FNDA:1,decideCancellation
FNDA:0,markOpenCancellationsFromStripe
DA:5,0
DA:31,0
DA:38,2
DA:45,2
DA:46,2
DA:47,1
DA:48,1
DA:49,1
DA:51,1
DA:52,0
DA:53,0
DA:54,0
DA:56,1
DA:57,0
DA:58,0
DA:59,0
DA:61,1
DA:62,1
DA:63,0
DA:64,0
DA:65,0
DA:67,1
DA:75,1
DA:76,1
DA:77,1
DA:78,1
DA:79,1
DA:81,0
DA:82,0
DA:83,0
DA:84,0
DA:88,1
DA:89,0
DA:90,0
DA:91,0
DA:93,1
DA:94,1
DA:95,0
DA:96,0
DA:97,0
DA:99,1
DA:100,1
DA:101,1
DA:103,0
DA:105,1
DA:106,1
DA:107,1
DA:108,1
DA:109,1
DA:114,1
DA:118,0
LF:51
LH:28
BRDA:9,0,0,0
BRDA:9,0,1,0
BRDA:12,1,0,0
BRDA:12,1,1,0
BRDA:17,2,0,0
BRDA:17,2,1,0
BRDA:18,3,0,0
BRDA:18,3,1,0
BRDA:21,4,0,0
BRDA:21,4,1,0
BRDA:22,5,0,0
BRDA:22,5,1,0
BRDA:45,6,0,2
BRDA:45,6,1,0
BRDA:46,7,0,1
BRDA:46,7,1,1
BRDA:51,8,0,0
BRDA:51,8,1,1
BRDA:56,9,0,0
BRDA:56,9,1,1
BRDA:62,10,0,0
BRDA:62,10,1,1
BRDA:76,11,0,1
BRDA:76,11,1,0
BRDA:88,12,0,0
BRDA:88,12,1,1
BRDA:94,13,0,0
BRDA:94,13,1,1
BRDA:99,14,0,1
BRDA:99,14,1,0
BRDA:106,15,0,1
BRDA:106,15,1,0
BRDA:106,16,0,1
BRDA:106,16,1,0
BRF:34
BRH:12
end_of_record
TN:
SF:src/services/event-setup.service.js
FN:11,seedEventDefaults
FN:14,(anonymous_1)
FN:15,(anonymous_2)
FN:24,(anonymous_3)
FN:25,(anonymous_4)
FNF:5
FNH:5
FNDA:1,seedEventDefaults
FNDA:8,(anonymous_1)
FNDA:4,(anonymous_2)
FNDA:4,(anonymous_3)
FNDA:13,(anonymous_4)
DA:12,1
DA:13,1
DA:14,8
DA:15,4
DA:16,1
DA:24,1
DA:25,13
DA:32,1
LF:8
LH:8
BRDA:11,0,0,0
BRF:1
BRH:0
end_of_record
TN:
SF:src/services/export.service.js
FN:5,guestsToRows
FN:6,(anonymous_1)
FN:9,toCsv
FN:25,(anonymous_3)
FN:39,(anonymous_4)
FN:46,toXlsx
FN:62,(anonymous_6)
FN:67,toPdf
FN:68,(anonymous_8)
FN:71,(anonymous_9)
FN:72,(anonymous_10)
FN:79,(anonymous_11)
FNF:12
FNH:12
FNDA:1,guestsToRows
FNDA:1,(anonymous_1)
FNDA:1,toCsv
FNDA:1,(anonymous_3)
FNDA:11,(anonymous_4)
FNDA:1,toXlsx
FNDA:1,(anonymous_6)
FNDA:1,toPdf
FNDA:1,(anonymous_8)
FNDA:61,(anonymous_9)
FNDA:1,(anonymous_10)
FNDA:1,(anonymous_11)
DA:6,1
DA:10,1
DA:23,1
DA:26,1
DA:39,11
DA:43,1
DA:47,1
DA:48,1
DA:49,1
DA:62,1
DA:63,1
DA:64,1
DA:68,1
DA:69,1
DA:70,1
DA:71,61
DA:72,1
DA:73,1
DA:74,1
DA:75,1
DA:76,1
DA:77,1
DA:78,1
DA:79,1
DA:80,1
DA:82,1
LF:26
LH:26
BRDA:39,0,0,11
BRDA:39,0,1,0
BRDA:46,1,0,0
BRDA:80,2,0,1
BRDA:80,2,1,1
BRF:5
BRH:3
end_of_record
TN:
SF:src/services/finance.service.js
FN:5,monthKey
FN:10,monthLabel
FN:19,startOfMonth
FN:27,amountFromStripe
FN:32,recordPaidInvoice
FN:76,syncStripeInvoices
FN:100,(anonymous_6)
FN:102,(anonymous_7)
FN:103,(anonymous_8)
FN:112,getFinanceSnapshot
FN:118,(anonymous_10)
FN:119,(anonymous_11)
FN:120,(anonymous_12)
FN:121,(anonymous_13)
FN:122,(anonymous_14)
FN:125,(anonymous_15)
FN:181,(anonymous_16)
FN:182,(anonymous_17)
FN:184,(anonymous_18)
FN:185,(anonymous_19)
FN:188,(anonymous_20)
FN:189,(anonymous_21)
FN:193,(anonymous_22)
FN:216,(anonymous_23)
FN:220,(anonymous_24)
FN:226,(anonymous_25)
FNF:26
FNH:15
FNDA:12,monthKey
FNDA:12,monthLabel
FNDA:15,startOfMonth
FNDA:1,amountFromStripe
FNDA:2,recordPaidInvoice
FNDA:0,syncStripeInvoices
FNDA:0,(anonymous_6)
FNDA:0,(anonymous_7)
FNDA:0,(anonymous_8)
FNDA:1,getFinanceSnapshot
FNDA:1,(anonymous_10)
FNDA:1,(anonymous_11)
FNDA:1,(anonymous_12)
FNDA:1,(anonymous_13)
FNDA:1,(anonymous_14)
FNDA:1,(anonymous_15)
FNDA:0,(anonymous_16)
FNDA:0,(anonymous_17)
FNDA:0,(anonymous_18)
FNDA:0,(anonymous_19)
FNDA:0,(anonymous_20)
FNDA:0,(anonymous_21)
FNDA:12,(anonymous_22)
FNDA:1,(anonymous_23)
FNDA:12,(anonymous_24)
FNDA:0,(anonymous_25)
DA:6,12
DA:7,12
DA:11,12
DA:12,12
DA:16,12
DA:20,15
DA:21,15
DA:22,15
DA:23,15
DA:24,15
DA:28,1
DA:29,1
DA:33,2
DA:34,1
DA:35,1
DA:36,1
DA:38,1
DA:47,1
DA:52,1
DA:57,1
DA:73,1
DA:77,0
DA:78,0
DA:79,0
DA:81,0
DA:82,0
DA:83,0
DA:89,0
DA:90,0
DA:91,0
DA:93,0
DA:94,0
DA:96,0
DA:97,0
DA:98,0
DA:99,0
DA:100,0
DA:101,0
DA:102,0
DA:103,0
DA:104,0
DA:105,0
DA:109,0
DA:113,1
DA:114,1
DA:118,1
DA:119,1
DA:120,1
DA:121,1
DA:122,1
DA:124,1
DA:125,1
DA:139,1
DA:140,1
DA:141,1
DA:142,1
DA:144,1
DA:145,1
DA:146,1
DA:147,1
DA:148,1
DA:149,1
DA:150,1
DA:151,1
DA:154,1
DA:155,1
DA:156,0
DA:157,0
DA:158,0
DA:164,0
DA:165,0
DA:169,1
DA:178,1
DA:179,1
DA:180,1
DA:181,0
DA:182,0
DA:183,1
DA:184,0
DA:185,0
DA:186,1
DA:187,1
DA:188,0
DA:189,0
DA:191,1
DA:192,12
DA:193,12
DA:194,1
DA:195,0
DA:196,0
DA:197,0
DA:198,0
DA:201,1
DA:216,1
DA:220,12
DA:226,0
LF:96
LH:58
BRDA:19,0,0,0
BRDA:28,1,0,1
BRDA:28,1,1,0
BRDA:28,1,2,0
BRDA:32,2,0,2
BRDA:33,3,0,1
BRDA:33,3,1,1
BRDA:35,4,0,0
BRDA:35,4,1,1
BRDA:35,5,0,1
BRDA:35,5,1,0
BRDA:36,6,0,0
BRDA:36,6,1,1
BRDA:38,7,0,1
BRDA:38,7,1,1
BRDA:38,7,2,0
BRDA:38,7,3,0
BRDA:39,8,0,1
BRDA:39,8,1,0
BRDA:42,9,0,0
BRDA:42,9,1,0
BRDA:43,10,0,0
BRDA:43,10,1,0
BRDA:47,11,0,1
BRDA:47,11,1,1
BRDA:47,11,2,1
BRDA:47,11,3,1
BRDA:47,11,4,0
BRDA:52,12,0,0
BRDA:52,12,1,1
BRDA:54,13,0,1
BRDA:54,13,1,0
BRDA:60,14,0,1
BRDA:60,14,1,0
BRDA:61,15,0,1
BRDA:61,15,1,1
BRDA:61,15,2,1
BRDA:61,15,3,0
BRDA:63,16,0,1
BRDA:63,16,1,1
BRDA:63,16,2,0
BRDA:65,17,0,1
BRDA:65,17,1,0
BRDA:67,18,0,1
BRDA:67,18,1,1
BRDA:67,18,2,0
BRDA:68,19,0,1
BRDA:68,19,1,1
BRDA:68,19,2,0
BRDA:70,20,0,1
BRDA:70,20,1,0
BRDA:78,21,0,0
BRDA:78,21,1,0
BRDA:87,22,0,0
BRDA:87,22,1,0
BRDA:93,23,0,0
BRDA:93,23,1,0
BRDA:93,24,0,0
BRDA:93,24,1,0
BRDA:101,25,0,0
BRDA:101,25,1,0
BRDA:102,26,0,0
BRDA:102,26,1,0
BRDA:103,27,0,0
BRDA:103,27,1,0
BRDA:142,28,0,0
BRDA:142,28,1,1
BRDA:144,29,0,0
BRDA:144,29,1,1
BRDA:144,30,0,1
BRDA:144,30,1,0
BRDA:147,31,0,0
BRDA:147,31,1,1
BRDA:149,32,0,0
BRDA:149,32,1,1
BRDA:155,33,0,0
BRDA:155,33,1,1
BRDA:182,34,0,0
BRDA:182,34,1,0
BRDA:184,35,0,0
BRDA:184,35,1,0
BRDA:185,36,0,0
BRDA:185,36,1,0
BRDA:189,37,0,0
BRDA:189,37,1,0
BRDA:196,38,0,0
BRDA:196,38,1,0
BRDA:197,39,0,0
BRDA:197,39,1,0
BRDA:228,40,0,0
BRDA:228,40,1,0
BRDA:232,41,0,0
BRDA:232,41,1,0
BRDA:232,41,2,0
BRDA:233,42,0,0
BRDA:233,42,1,0
BRDA:233,42,2,0
BRDA:234,43,0,0
BRDA:234,43,1,0
BRDA:235,44,0,0
BRDA:235,44,1,0
BRF:101
BRH:34
end_of_record
TN:
SF:src/services/help-bot.service.js
FN:1,normalize
FN:210,scoreTopic
FN:221,greetingReply
FN:229,helpSuggestions
FN:233,answerHelp
FN:249,(anonymous_5)
FN:250,(anonymous_6)
FN:251,(anonymous_7)
FN:264,(anonymous_8)
FN:265,(anonymous_9)
FN:271,(anonymous_10)
FNF:11
FNH:10
FNDA:59,normalize
FNDA:45,scoreTopic
FNDA:1,greetingReply
FNDA:2,helpSuggestions
FNDA:4,answerHelp
FNDA:45,(anonymous_5)
FNDA:45,(anonymous_6)
FNDA:1,(anonymous_7)
FNDA:1,(anonymous_8)
FNDA:0,(anonymous_9)
FNDA:10,(anonymous_10)
DA:2,59
DA:11,4
DA:202,4
DA:211,45
DA:212,45
DA:213,285
DA:215,45
DA:216,186
DA:218,45
DA:222,1
DA:223,1
DA:230,2
DA:234,4
DA:235,4
DA:236,0
DA:238,4
DA:239,1
DA:241,3
DA:242,0
DA:249,45
DA:250,45
DA:251,1
DA:253,3
DA:254,1
DA:261,2
DA:262,2
DA:264,1
DA:265,0
DA:267,2
DA:271,10
LF:30
LH:27
BRDA:2,0,0,59
BRDA:2,0,1,0
BRDA:213,1,0,2
BRDA:213,1,1,283
BRDA:216,2,0,3
BRDA:216,2,1,183
BRDA:216,3,0,186
BRDA:216,3,1,120
BRDA:222,4,0,1
BRDA:222,4,1,0
BRDA:235,5,0,0
BRDA:235,5,1,4
BRDA:238,6,0,1
BRDA:238,6,1,3
BRDA:238,7,0,4
BRDA:238,7,1,1
BRDA:241,8,0,0
BRDA:241,8,1,3
BRDA:241,9,0,3
BRDA:241,9,1,0
BRDA:253,10,0,1
BRDA:253,10,1,2
BRDA:268,11,0,0
BRDA:268,11,1,2
BRDA:270,12,0,2
BRDA:270,12,1,0
BRF:26
BRH:19
end_of_record
TN:
SF:src/services/import.service.js
FN:21,parseSpreadsheet
FN:25,(anonymous_1)
FN:28,(anonymous_2)
FN:28,(anonymous_3)
FN:29,(anonymous_4)
FN:29,(anonymous_5)
FN:33,suggestMapping
FN:42,mapRows
FN:44,(anonymous_8)
FN:55,(anonymous_9)
FN:64,(anonymous_10)
FNF:11
FNH:11
FNDA:1,parseSpreadsheet
FNDA:3,(anonymous_1)
FNDA:3,(anonymous_2)
FNDA:5,(anonymous_3)
FNDA:2,(anonymous_4)
FNDA:6,(anonymous_5)
FNDA:1,suggestMapping
FNDA:1,mapRows
FNDA:2,(anonymous_8)
FNDA:6,(anonymous_9)
FNDA:2,(anonymous_10)
DA:3,7
DA:22,1
DA:23,1
DA:24,1
DA:25,3
DA:26,1
DA:28,5
DA:29,6
DA:30,1
DA:34,1
DA:35,1
DA:36,3
DA:37,3
DA:39,1
DA:43,1
DA:45,2
DA:55,2
DA:56,6
DA:57,6
DA:58,6
DA:59,6
DA:60,4
DA:62,2
DA:64,2
LF:24
LH:24
BRDA:25,0,0,1
BRDA:25,0,1,0
BRDA:25,1,0,3
BRDA:25,1,1,0
BRDA:25,2,0,3
BRDA:25,2,1,0
BRDA:29,3,0,6
BRDA:29,3,1,0
BRDA:37,4,0,3
BRDA:37,4,1,0
BRDA:57,5,0,0
BRDA:57,5,1,6
BRDA:57,6,0,6
BRDA:57,6,1,6
BRDA:58,7,0,6
BRDA:58,7,1,0
BRDA:59,8,0,2
BRDA:59,8,1,4
BRDA:59,9,0,2
BRDA:59,9,1,0
BRDA:64,10,0,2
BRDA:64,10,1,2
BRF:22
BRH:14
end_of_record
TN:
SF:src/services/outbound.worker.js
FN:8,enqueueJob
FN:12,processJob
FN:30,tickWorker
FN:41,startOutboundWorker
FN:42,(anonymous_4)
FN:43,(anonymous_5)
FNF:6
FNH:5
FNDA:1,enqueueJob
FNDA:3,processJob
FNDA:1,tickWorker
FNDA:1,startOutboundWorker
FNDA:1,(anonymous_4)
FNDA:0,(anonymous_5)
DA:6,5
DA:9,1
DA:13,3
DA:15,3
DA:16,3
DA:17,2
DA:18,1
DA:22,1
DA:24,1
DA:26,1
DA:31,1
DA:36,1
DA:37,0
DA:42,1
DA:43,1
DA:45,1
DA:46,1
DA:47,1
LF:18
LH:17
BRDA:8,0,0,1
BRDA:16,1,0,2
BRDA:16,1,1,1
BRDA:19,2,0,1
BRDA:19,2,1,0
BRF:5
BRH:4
end_of_record
TN:
SF:src/services/plans.service.js
FN:39,annualDiscountOf
FN:43,yearlyPriceMxn
FN:47,serializePlan
FN:63,ensurePlans
FN:71,planError
FN:78,getUserPlan
FN:83,ownedEventIds
FN:85,(anonymous_7)
FN:88,countOwnedGuests
FN:94,getPlanUsage
FN:112,assertCanSendInvitations
FN:116,isSubscriptionUsable
FN:125,settleExpiredSubscription
FN:134,requireActivePlan
FN:145,assertCanCreateEvent
FN:156,assertCanAddGuests
FNF:16
FNH:14
FNDA:8,annualDiscountOf
FNDA:5,yearlyPriceMxn
FNDA:3,serializePlan
FNDA:1,ensurePlans
FNDA:3,planError
FNDA:2,getUserPlan
FNDA:1,ownedEventIds
FNDA:1,(anonymous_7)
FNDA:1,countOwnedGuests
FNDA:0,getPlanUsage
FNDA:1,assertCanSendInvitations
FNDA:4,isSubscriptionUsable
FNDA:0,settleExpiredSubscription
FNDA:2,requireActivePlan
FNDA:1,assertCanCreateEvent
FNDA:1,assertCanAddGuests
DA:3,22
DA:40,8
DA:44,5
DA:48,3
DA:49,3
DA:64,1
DA:65,3
DA:66,3
DA:68,1
DA:72,3
DA:73,3
DA:74,3
DA:75,3
DA:79,2
DA:80,2
DA:84,1
DA:85,1
DA:89,1
DA:90,1
DA:91,1
DA:95,0
DA:96,0
DA:97,0
DA:98,0
DA:99,0
DA:100,0
DA:101,0
DA:113,1
DA:117,4
DA:118,3
DA:119,2
DA:120,0
DA:122,2
DA:126,0
DA:127,0
DA:128,0
DA:129,0
DA:131,0
DA:135,2
DA:136,2
DA:137,0
DA:139,2
DA:140,0
DA:142,2
DA:146,1
DA:147,1
DA:148,1
DA:149,1
DA:150,1
DA:157,1
DA:158,1
DA:159,1
DA:160,1
DA:161,1
DA:162,1
LF:55
LH:40
BRDA:40,0,0,8
BRDA:40,0,1,0
BRDA:66,1,0,3
BRDA:66,1,1,0
BRDA:79,2,0,0
BRDA:79,2,1,2
BRDA:90,3,0,0
BRDA:90,3,1,1
BRDA:91,4,0,1
BRDA:91,4,1,0
BRDA:95,5,0,0
BRDA:95,5,1,0
BRDA:98,6,0,0
BRDA:98,6,1,0
BRDA:99,7,0,0
BRDA:99,7,1,0
BRDA:106,8,0,0
BRDA:106,8,1,0
BRDA:106,8,2,0
BRDA:106,8,3,0
BRDA:107,9,0,0
BRDA:107,9,1,0
BRDA:117,10,0,1
BRDA:117,10,1,3
BRDA:118,11,0,1
BRDA:118,11,1,2
BRDA:119,12,0,0
BRDA:119,12,1,2
BRDA:119,13,0,2
BRDA:119,13,1,0
BRDA:119,13,2,0
BRDA:126,14,0,0
BRDA:126,14,1,0
BRDA:126,15,0,0
BRDA:126,15,1,0
BRDA:127,16,0,0
BRDA:127,16,1,0
BRDA:127,17,0,0
BRDA:127,17,1,0
BRDA:127,17,2,0
BRDA:127,17,3,0
BRDA:135,18,0,0
BRDA:135,18,1,2
BRDA:136,19,0,0
BRDA:136,19,1,2
BRDA:139,20,0,0
BRDA:139,20,1,2
BRDA:147,21,0,0
BRDA:147,21,1,1
BRDA:149,22,0,1
BRDA:149,22,1,0
BRDA:158,23,0,0
BRDA:158,23,1,1
BRDA:160,24,0,1
BRDA:160,24,1,0
BRF:55
BRH:18
end_of_record
TN:
SF:src/services/state.service.js
FN:27,statsFor
FN:29,(anonymous_1)
FN:30,(anonymous_2)
FN:31,(anonymous_3)
FN:32,(anonymous_4)
FN:33,(anonymous_5)
FN:34,(anonymous_6)
FN:35,(anonymous_7)
FN:36,(anonymous_8)
FN:37,(anonymous_9)
FN:38,(anonymous_10)
FN:55,buildAnalytics
FN:57,(anonymous_12)
FN:63,(anonymous_13)
FN:65,(anonymous_14)
FN:66,(anonymous_15)
FN:67,(anonymous_16)
FN:70,(anonymous_17)
FN:83,(anonymous_18)
FN:84,(anonymous_19)
FN:85,(anonymous_20)
FN:90,(anonymous_21)
FN:99,loadUserState
FN:115,(anonymous_23)
FN:129,(anonymous_24)
FN:143,(anonymous_25)
FN:146,(anonymous_26)
FN:147,(anonymous_27)
FN:149,(anonymous_28)
FN:150,(anonymous_29)
FN:151,(anonymous_30)
FN:152,(anonymous_31)
FN:153,(anonymous_32)
FN:159,(anonymous_33)
FN:160,(anonymous_34)
FN:164,(anonymous_35)
FN:171,defaultEmptyAi
FNF:37
FNH:24
FNDA:1,statsFor
FNDA:2,(anonymous_1)
FNDA:2,(anonymous_2)
FNDA:2,(anonymous_3)
FNDA:2,(anonymous_4)
FNDA:2,(anonymous_5)
FNDA:0,(anonymous_6)
FNDA:2,(anonymous_7)
FNDA:2,(anonymous_8)
FNDA:2,(anonymous_9)
FNDA:2,(anonymous_10)
FNDA:2,buildAnalytics
FNDA:14,(anonymous_12)
FNDA:14,(anonymous_13)
FNDA:2,(anonymous_14)
FNDA:2,(anonymous_15)
FNDA:1,(anonymous_16)
FNDA:1,(anonymous_17)
FNDA:1,(anonymous_18)
FNDA:1,(anonymous_19)
FNDA:2,(anonymous_20)
FNDA:1,(anonymous_21)
FNDA:2,loadUserState
FNDA:1,(anonymous_23)
FNDA:0,(anonymous_24)
FNDA:0,(anonymous_25)
FNDA:0,(anonymous_26)
FNDA:0,(anonymous_27)
FNDA:0,(anonymous_28)
FNDA:0,(anonymous_29)
FNDA:0,(anonymous_30)
FNDA:0,(anonymous_31)
FNDA:0,(anonymous_32)
FNDA:0,(anonymous_33)
FNDA:0,(anonymous_34)
FNDA:0,(anonymous_35)
FNDA:1,defaultEmptyAi
DA:28,1
DA:29,2
DA:30,2
DA:31,2
DA:32,2
DA:33,2
DA:34,1
DA:35,2
DA:36,2
DA:37,2
DA:38,2
DA:39,1
DA:56,2
DA:57,14
DA:58,2
DA:59,1
DA:60,1
DA:61,1
DA:63,14
DA:65,2
DA:66,2
DA:67,2
DA:69,2
DA:70,1
DA:76,2
DA:77,2
DA:78,2
DA:79,2
DA:80,2
DA:82,2
DA:83,1
DA:84,1
DA:85,2
DA:86,1
DA:87,1
DA:90,2
DA:92,2
DA:100,2
DA:101,2
DA:102,1
DA:114,1
DA:115,1
DA:117,1
DA:129,1
DA:130,1
DA:131,1
DA:132,0
DA:133,0
DA:134,0
DA:137,1
DA:138,1
DA:139,1
DA:140,1
DA:142,1
DA:143,1
DA:144,1
DA:146,0
DA:147,0
DA:149,1
DA:150,1
DA:151,1
DA:152,1
DA:153,1
DA:154,1
DA:157,1
DA:159,0
DA:161,0
DA:164,0
DA:172,1
LF:69
LH:61
BRDA:50,0,0,1
BRDA:50,0,1,0
BRDA:51,1,0,1
BRDA:51,1,1,0
BRDA:59,2,0,0
BRDA:59,2,1,1
BRDA:61,3,0,1
BRDA:61,3,1,0
BRDA:70,4,0,2
BRDA:70,4,1,2
BRDA:79,5,0,1
BRDA:79,5,1,1
BRDA:86,6,0,1
BRDA:86,6,1,0
BRDA:86,7,0,1
BRDA:86,7,1,1
BRDA:90,8,0,1
BRDA:90,8,1,1
BRDA:95,9,0,1
BRDA:95,9,1,1
BRDA:101,10,0,1
BRDA:101,10,1,1
BRDA:132,11,0,0
BRDA:132,11,1,0
BRDA:133,12,0,0
BRDA:133,12,1,0
BRDA:145,13,0,0
BRDA:145,13,1,1
BRDA:153,14,0,0
BRDA:153,14,1,0
BRDA:161,15,0,0
BRDA:161,15,1,0
BRF:32
BRH:18
end_of_record
TN:
SF:src/services/stripe.service.js
FN:9,stripeEnabled
FN:13,getStripe
FN:19,normalizeInterval
FN:23,isMissing
FN:27,retrieveOrNull
FN:36,upsertRecurringPrice
FN:38,(anonymous_6)
FN:49,(anonymous_7)
FN:54,ensureStripePrice
FN:58,(anonymous_9)
FN:92,syncStripePlans
FN:104,ensureCustomer
FN:107,(anonymous_12)
FN:123,mapStripeStatus
FN:129,priceIdFor
FN:133,periodEndFrom
FN:138,applySubscription
FN:167,startCheckout
FN:228,portalConfigWithoutSelfCancel
FN:231,(anonymous_19)
FN:251,createPortalSession
FN:267,scheduleCancelAtPeriodEnd
FN:269,(anonymous_22)
FN:298,confirmCheckoutSession
FN:315,planByPriceId
FN:322,handleStripeEvent
FNF:26
FNH:16
FNDA:1,stripeEnabled
FNDA:5,getStripe
FNDA:2,normalizeInterval
FNDA:0,isMissing
FNDA:3,retrieveOrNull
FNDA:2,upsertRecurringPrice
FNDA:2,(anonymous_6)
FNDA:0,(anonymous_7)
FNDA:1,ensureStripePrice
FNDA:1,(anonymous_9)
FNDA:0,syncStripePlans
FNDA:1,ensureCustomer
FNDA:0,(anonymous_12)
FNDA:1,mapStripeStatus
FNDA:1,priceIdFor
FNDA:0,periodEndFrom
FNDA:1,applySubscription
FNDA:1,startCheckout
FNDA:0,portalConfigWithoutSelfCancel
FNDA:0,(anonymous_19)
FNDA:1,createPortalSession
FNDA:0,scheduleCancelAtPeriodEnd
FNDA:0,(anonymous_22)
FNDA:1,confirmCheckoutSession
FNDA:0,planByPriceId
FNDA:1,handleStripeEvent
DA:7,5
DA:10,1
DA:14,5
DA:15,5
DA:16,5
DA:20,2
DA:24,0
DA:28,3
DA:29,3
DA:31,0
DA:32,0
DA:37,2
DA:38,2
DA:39,2
DA:41,0
DA:48,0
DA:49,0
DA:51,0
DA:55,1
DA:56,1
DA:57,1
DA:58,1
DA:60,1
DA:61,0
DA:66,0
DA:67,0
DA:68,0
DA:69,0
DA:71,1
DA:76,1
DA:82,1
DA:88,1
DA:89,1
DA:93,0
DA:94,0
DA:95,0
DA:96,0
DA:97,0
DA:99,0
DA:105,1
DA:106,1
DA:107,0
DA:108,0
DA:109,0
DA:110,0
DA:112,1
DA:118,1
DA:119,1
DA:120,1
DA:124,1
DA:125,0
DA:126,0
DA:130,1
DA:134,0
DA:135,0
DA:148,1
DA:149,1
DA:150,1
DA:151,1
DA:152,1
DA:153,1
DA:154,1
DA:155,1
DA:156,1
DA:157,1
DA:158,1
DA:159,1
DA:160,1
DA:161,0
DA:162,0
DA:164,1
DA:168,1
DA:169,1
DA:170,0
DA:171,0
DA:172,0
DA:174,1
DA:175,1
DA:176,1
DA:178,0
DA:179,0
DA:180,0
DA:181,0
DA:182,0
DA:183,0
DA:185,1
DA:186,1
DA:187,0
DA:188,0
DA:189,0
DA:191,1
DA:193,1
DA:194,0
DA:195,0
DA:196,0
DA:197,0
DA:204,0
DA:205,0
DA:206,0
DA:207,0
DA:208,0
DA:209,0
DA:212,1
DA:223,1
DA:226,5
DA:229,0
DA:230,0
DA:231,0
DA:232,0
DA:233,0
DA:234,0
DA:236,0
DA:247,0
DA:248,0
DA:252,1
DA:253,1
DA:254,1
DA:255,1
DA:256,1
DA:258,0
DA:259,0
DA:264,0
DA:268,0
DA:269,0
DA:270,0
DA:271,0
DA:272,0
DA:273,0
DA:275,0
DA:276,0
DA:277,0
DA:278,0
DA:279,0
DA:281,0
DA:282,0
DA:285,0
DA:286,0
DA:287,0
DA:288,0
DA:290,0
DA:291,0
DA:292,0
DA:293,0
DA:294,0
DA:299,1
DA:300,1
DA:301,1
DA:302,1
DA:303,1
DA:312,1
DA:316,0
DA:317,0
DA:323,1
DA:324,1
DA:325,0
DA:334,0
DA:336,1
DA:341,0
DA:342,0
DA:343,0
DA:344,0
DA:354,0
DA:356,1
DA:357,0
DA:358,0
DA:361,0
DA:362,0
DA:363,0
DA:365,0
DA:366,0
DA:367,0
DA:369,1
DA:370,1
DA:371,1
DA:372,1
DA:373,1
LF:176
LH:75
BRDA:14,0,0,0
BRDA:14,0,1,5
BRDA:15,1,0,3
BRDA:15,1,1,2
BRDA:20,2,0,0
BRDA:20,2,1,2
BRDA:24,3,0,0
BRDA:24,3,1,0
BRDA:24,4,0,0
BRDA:24,4,1,0
BRDA:31,5,0,0
BRDA:31,5,1,0
BRDA:37,6,0,2
BRDA:37,6,1,0
BRDA:37,7,0,2
BRDA:37,7,1,2
BRDA:39,8,0,2
BRDA:39,8,1,0
BRDA:39,9,0,2
BRDA:39,9,1,2
BRDA:48,10,0,0
BRDA:48,10,1,0
BRDA:54,11,0,1
BRDA:54,12,0,1
BRDA:56,13,0,0
BRDA:56,13,1,1
BRDA:56,14,0,1
BRDA:56,14,1,1
BRDA:57,15,0,1
BRDA:57,15,1,0
BRDA:60,16,0,0
BRDA:60,16,1,1
BRDA:93,17,0,0
BRDA:93,17,1,0
BRDA:106,18,0,0
BRDA:106,18,1,1
BRDA:108,19,0,0
BRDA:108,19,1,0
BRDA:108,20,0,0
BRDA:108,20,1,0
BRDA:115,21,0,1
BRDA:115,21,1,0
BRDA:124,22,0,1
BRDA:124,22,1,0
BRDA:125,23,0,0
BRDA:125,23,1,0
BRDA:130,24,0,0
BRDA:130,24,1,1
BRDA:134,25,0,0
BRDA:134,25,1,0
BRDA:135,26,0,0
BRDA:135,26,1,0
BRDA:148,27,0,1
BRDA:148,27,1,0
BRDA:149,28,0,0
BRDA:149,28,1,1
BRDA:150,29,0,1
BRDA:150,29,1,0
BRDA:151,30,0,1
BRDA:151,30,1,0
BRDA:152,31,0,1
BRDA:152,31,1,0
BRDA:153,32,0,1
BRDA:153,32,1,0
BRDA:154,33,0,1
BRDA:154,33,1,0
BRDA:155,34,0,1
BRDA:155,34,1,0
BRDA:156,35,0,0
BRDA:156,35,1,1
BRDA:157,36,0,0
BRDA:157,36,1,1
BRDA:158,37,0,1
BRDA:158,37,1,0
BRDA:158,38,0,1
BRDA:158,38,1,1
BRDA:160,39,0,0
BRDA:160,39,1,1
BRDA:160,40,0,1
BRDA:160,40,1,1
BRDA:167,41,0,0
BRDA:167,42,0,0
BRDA:169,43,0,0
BRDA:169,43,1,1
BRDA:178,44,0,0
BRDA:178,44,1,0
BRDA:186,45,0,0
BRDA:186,45,1,1
BRDA:193,46,0,0
BRDA:193,46,1,1
BRDA:193,47,0,1
BRDA:193,47,1,0
BRDA:196,48,0,0
BRDA:196,48,1,0
BRDA:217,49,0,1
BRDA:217,49,1,1
BRDA:218,50,0,1
BRDA:218,50,1,1
BRDA:229,51,0,0
BRDA:229,51,1,0
BRDA:232,52,0,0
BRDA:232,52,1,0
BRDA:253,53,0,1
BRDA:253,53,1,0
BRDA:253,54,0,1
BRDA:253,54,1,1
BRDA:271,55,0,0
BRDA:271,55,1,0
BRDA:275,56,0,0
BRDA:275,56,1,0
BRDA:275,57,0,0
BRDA:275,57,1,0
BRDA:277,58,0,0
BRDA:277,58,1,0
BRDA:286,59,0,0
BRDA:286,59,1,0
BRDA:286,59,2,0
BRDA:290,60,0,0
BRDA:290,60,1,0
BRDA:292,61,0,0
BRDA:292,61,1,0
BRDA:300,62,0,0
BRDA:300,62,1,1
BRDA:302,63,0,0
BRDA:302,63,1,1
BRDA:302,64,0,1
BRDA:302,64,1,0
BRDA:316,65,0,0
BRDA:316,65,1,0
BRDA:324,66,0,0
BRDA:324,66,1,1
BRDA:336,67,0,0
BRDA:336,67,1,1
BRDA:337,68,0,1
BRDA:337,68,1,1
BRDA:337,68,2,1
BRDA:342,69,0,0
BRDA:342,69,1,0
BRDA:346,70,0,0
BRDA:346,70,1,0
BRDA:351,71,0,0
BRDA:351,71,1,0
BRDA:356,72,0,0
BRDA:356,72,1,1
BRDA:358,73,0,0
BRDA:358,73,1,0
BRDA:361,74,0,0
BRDA:361,74,1,0
BRDA:369,75,0,1
BRDA:369,75,1,0
BRDA:371,76,0,1
BRDA:371,76,1,0
BRF:152
BRH:59
end_of_record
TN:
SF:src/services/support.service.js
FN:7,serializeUserBrief
FN:17,serializeMessage
FN:27,serializeTicket
FN:43,(anonymous_3)
FN:48,nextTicketCode
FN:58,addMessage
FN:88,loadTicket
FNF:7
FNH:6
FNDA:1,serializeUserBrief
FNDA:2,serializeMessage
FNDA:1,serializeTicket
FNDA:1,(anonymous_3)
FNDA:1,nextTicketCode
FNDA:2,addMessage
FNDA:0,loadTicket
DA:3,4
DA:4,4
DA:5,4
DA:8,1
DA:9,1
DA:18,2
DA:28,1
DA:43,1
DA:49,1
DA:50,1
DA:51,1
DA:52,1
DA:53,1
DA:55,0
DA:59,2
DA:60,2
DA:61,1
DA:62,1
DA:63,1
DA:65,1
DA:66,0
DA:67,0
DA:68,0
DA:70,1
DA:76,1
DA:77,1
DA:78,1
DA:79,1
DA:81,1
DA:82,1
DA:85,1
DA:89,0
LF:32
LH:27
BRDA:8,0,0,0
BRDA:8,0,1,1
BRDA:13,1,0,1
BRDA:13,1,1,0
BRDA:22,2,0,2
BRDA:22,2,1,0
BRDA:22,3,0,0
BRDA:22,3,1,0
BRDA:27,4,0,1
BRDA:38,5,0,1
BRDA:38,5,1,0
BRDA:39,6,0,1
BRDA:39,6,1,0
BRDA:39,6,2,0
BRDA:41,7,0,1
BRDA:41,7,1,1
BRDA:42,8,0,1
BRDA:42,8,1,0
BRDA:53,9,0,1
BRDA:53,9,1,0
BRDA:59,10,0,2
BRDA:59,10,1,0
BRDA:60,11,0,1
BRDA:60,11,1,1
BRDA:65,12,0,0
BRDA:65,12,1,1
BRDA:78,13,0,1
BRDA:78,13,1,0
BRDA:79,14,0,0
BRDA:79,14,1,1
BRDA:88,15,0,0
BRDA:88,16,0,0
BRDA:92,17,0,0
BRDA:92,17,1,0
BRF:34
BRH:16
end_of_record
TN:
SF:src/services/whatsapp.adapter.js
FN:12,(anonymous_0)
FN:23,createWhatsAppProvider
FNF:2
FNH:2
FNDA:1,(anonymous_0)
FNDA:1,createWhatsAppProvider
DA:13,1
DA:14,1
DA:24,1
LF:3
LH:3
BRF:0
BRH:0
end_of_record
